<?xml version="1.0" encoding="UTF-8"?>
<robot generator="Robot 5.0a1 (Python 3.7.5 on win32)" generated="20221116 09:40:46.627" rpa="true" schemaversion="3">
<suite id="s1" name="Main" source="c:\Users\USER\Documents\projeto\felicitacoes\Felicitacoes\project\main.robot">
<test id="s1-t1" name="Initialize Task Main">
<try>
<branch type="TRY">
<kw name="Tempo execucao">
<var>${inicio}</var>
<kw name="Get Current Date" library="DateTime">
<var>${data_sistema}</var>
<arg>time_zone=UTC</arg>
<arg>result_format=datetime</arg>
<arg>exclude_millis=True</arg>
<doc>Returns current local or UTC time with an optional increment.</doc>
<msg timestamp="20221116 09:41:01.650" level="INFO">${data_sistema} = 2022-11-16 12:41:02</msg>
<status status="PASS" starttime="20221116 09:41:01.643" endtime="20221116 09:41:01.654"/>
</kw>
<msg timestamp="20221116 09:41:01.660" level="INFO">${inicio} = 2022-11-16 12:41:02</msg>
<status status="PASS" starttime="20221116 09:41:01.632" endtime="20221116 09:41:01.660"/>
</kw>
<kw name="data de inicio convertida para banco de Dados">
<var>${data_execucao}</var>
<arg>${inicio}</arg>
<kw name="Evaluate" library="BuiltIn">
<var>${comprimento}</var>
<arg>len('${inicio.month}')</arg>
<doc>Evaluates the given expression in Python and returns the result.</doc>
<msg timestamp="20221116 09:41:01.684" level="INFO">${comprimento} = 2</msg>
<status status="PASS" starttime="20221116 09:41:01.672" endtime="20221116 09:41:01.684"/>
</kw>
<kw name="Log To Console" library="BuiltIn">
<arg>${comprimento}</arg>
<doc>Logs the given message to the console.</doc>
<status status="PASS" starttime="20221116 09:41:01.690" endtime="20221116 09:41:01.694"/>
</kw>
<if>
<branch type="IF" condition="${comprimento} == 1">
<kw name="Set Variable" library="BuiltIn">
<var>${data_execucao}</var>
<arg>${inicio.year}-0${inicio.month}-${inicio.day}</arg>
<doc>Returns the given values which can then be assigned to a variables.</doc>
<status status="NOT RUN" starttime="20221116 09:41:01.703" endtime="20221116 09:41:01.705"/>
</kw>
<status status="NOT RUN" starttime="20221116 09:41:01.698" endtime="20221116 09:41:01.712"/>
</branch>
<branch type="ELSE">
<kw name="Set Variable" library="BuiltIn">
<var>${data_execucao}</var>
<arg>${inicio.day}-${inicio.month}-${inicio.year}</arg>
<doc>Returns the given values which can then be assigned to a variables.</doc>
<msg timestamp="20221116 09:41:01.777" level="INFO">${data_execucao} = 16-11-2022</msg>
<status status="PASS" starttime="20221116 09:41:01.731" endtime="20221116 09:41:01.778"/>
</kw>
<status status="PASS" starttime="20221116 09:41:01.715" endtime="20221116 09:41:01.781"/>
</branch>
<status status="PASS" starttime="20221116 09:41:01.696" endtime="20221116 09:41:01.785"/>
</if>
<msg timestamp="20221116 09:41:01.791" level="INFO">${data_execucao} = 16-11-2022</msg>
<status status="PASS" starttime="20221116 09:41:01.663" endtime="20221116 09:41:01.792"/>
</kw>
<kw name="Rodando Bot" library="conexao">
<arg>em execucao</arg>
<arg>em execucao</arg>
<arg>em execucao</arg>
<arg>${data_execucao}</arg>
<arg>em execucao</arg>
<msg timestamp="20221116 09:41:01.836" level="INFO">executando
Conexao com sucesso
Comando com sucesso
Conexao fechada com sucesso</msg>
<status status="PASS" starttime="20221116 09:41:01.796" endtime="20221116 09:41:01.837"/>
</kw>
<kw name="Log To Console" library="BuiltIn">
<arg>message</arg>
<doc>Logs the given message to the console.</doc>
<status status="PASS" starttime="20221116 09:41:01.843" endtime="20221116 09:41:01.847"/>
</kw>
<kw name="Check Internet" library="CheckConnectionInternet">
<var>${Connection}</var>
<msg timestamp="20221116 09:41:02.062" level="INFO">${Connection} = None</msg>
<status status="PASS" starttime="20221116 09:41:01.852" endtime="20221116 09:41:02.063"/>
</kw>
<if>
<branch type="IF" condition="&quot;${Connection}&quot; == &quot;Sem internet&quot;">
<kw name="Log To Console" library="BuiltIn">
<arg>The robot verified that it is without internet</arg>
<doc>Logs the given message to the console.</doc>
<status status="NOT RUN" starttime="20221116 09:41:02.074" endtime="20221116 09:41:02.076"/>
</kw>
<kw name="Fatal Error" library="BuiltIn">
<doc>Stops the whole test execution.</doc>
<status status="NOT RUN" starttime="20221116 09:41:02.080" endtime="20221116 09:41:02.082"/>
</kw>
<status status="NOT RUN" starttime="20221116 09:41:02.068" endtime="20221116 09:41:02.084"/>
</branch>
<branch type="ELSE">
<kw name="Log To Console" library="BuiltIn">
<arg>Internet connection OK</arg>
<doc>Logs the given message to the console.</doc>
<status status="PASS" starttime="20221116 09:41:02.093" endtime="20221116 09:41:02.096"/>
</kw>
<status status="PASS" starttime="20221116 09:41:02.086" endtime="20221116 09:41:02.098"/>
</branch>
<status status="PASS" starttime="20221116 09:41:02.066" endtime="20221116 09:41:02.099"/>
</if>
<kw name="Get Secret" library="RPA.Robocorp.Vault">
<var>${secret}</var>
<arg>Credentials</arg>
<doc>Read a secret from the configured source, e.g. Robocorp Vault,
and return it as a ``Secret`` object.</doc>
<msg timestamp="20221116 09:41:02.101" level="INFO">Protecting keyword: RPA.Robocorp.Vault.Get Secret</msg>
<msg timestamp="20221116 09:41:02.109" level="INFO">Log level changed from NONE to INFO.</msg>
<status status="PASS" starttime="20221116 09:41:02.100" endtime="20221116 09:41:02.107"/>
</kw>
<kw name="Set Variable" library="BuiltIn">
<var>${PathDefault}</var>
<arg>${secret}[PathMain]</arg>
<doc>Returns the given values which can then be assigned to a variables.</doc>
<msg timestamp="20221116 09:41:02.116" level="INFO">${PathDefault} = C:\Users\USER\Documents\projeto\felicitacoes\Felicitacoes\Project</msg>
<status status="PASS" starttime="20221116 09:41:02.112" endtime="20221116 09:41:02.117"/>
</kw>
<kw name="Set Variable" library="BuiltIn">
<var>${JsonFile_Path}</var>
<arg>${PathDefault}${/}Config${/}Config.json</arg>
<doc>Returns the given values which can then be assigned to a variables.</doc>
<msg timestamp="20221116 09:41:02.133" level="INFO">${JsonFile_Path} = C:\Users\USER\Documents\projeto\felicitacoes\Felicitacoes\Project\Config\Config.json</msg>
<status status="PASS" starttime="20221116 09:41:02.125" endtime="20221116 09:41:02.134"/>
</kw>
<kw name="Reading Config">
<var>${Config}</var>
<var>${MaxAttempts}</var>
<var>${passwordCredential}</var>
<arg>${JsonFile_Path}</arg>
<arg>${PathDefault}</arg>
<try>
<branch type="TRY">
<kw name="Load Config file JSON" library="InitializeSettings">
<var>${Config}</var>
<arg>${JsonFile_Path}</arg>
<arg>${PathDefault}</arg>
<try>
<branch type="TRY">
<kw name="Load JSON from file" library="RPA.JSON">
<var>${ConfigJson}</var>
<arg>${JsonFile_Path}</arg>
<doc>Load JSON data from a file, and return it as JSON serializable object.
Depending on the input file the object can be either a dictionary,
a list, or a scalar value.</doc>
<msg timestamp="20221116 09:41:02.167" level="INFO">Loading JSON from file: C:\Users\USER\Documents\projeto\felicitacoes\Felicitacoes\Project\Config\Config.json</msg>
<msg timestamp="20221116 09:41:02.168" level="INFO">${ConfigJson} = {'Config': [{'MaxAttempts': '3', 'FolderData': 'Data', 'FolderOutput': 'Output', 'FolderInput': 'Input', 'FolderScreenshot': 'ExceptionScreenshot', 'FolderLog': 'Log', 'CollectAzureData': 'False', 'Em...</msg>
<status status="PASS" starttime="20221116 09:41:02.165" endtime="20221116 09:41:02.169"/>
</kw>
<status status="PASS" starttime="20221116 09:41:02.160" endtime="20221116 09:41:02.172"/>
</branch>
<branch type="EXCEPT">
<kw name="Log To Console" library="BuiltIn">
<arg>Error: Failure in task Load Config file JSON</arg>
<doc>Logs the given message to the console.</doc>
<status status="NOT RUN" starttime="20221116 09:41:02.177" endtime="20221116 09:41:02.178"/>
</kw>
<kw name="Fatal Error" library="BuiltIn">
<doc>Stops the whole test execution.</doc>
<status status="NOT RUN" starttime="20221116 09:41:02.180" endtime="20221116 09:41:02.180"/>
</kw>
<status status="NOT RUN" starttime="20221116 09:41:02.175" endtime="20221116 09:41:02.181"/>
</branch>
<status status="PASS" starttime="20221116 09:41:02.159" endtime="20221116 09:41:02.183"/>
</try>
<msg timestamp="20221116 09:41:02.185" level="INFO">${Config} = {'Config': [{'MaxAttempts': '3', 'FolderData': 'Data', 'FolderOutput': 'Output', 'FolderInput': 'Input', 'FolderScreenshot': 'ExceptionScreenshot', 'FolderLog': 'Log', 'CollectAzureData': 'False', 'Em...</msg>
<status status="PASS" starttime="20221116 09:41:02.151" endtime="20221116 09:41:02.186"/>
</kw>
<kw name="Get value from JSON" library="RPA.JSON">
<var>${MaxAttempts}</var>
<arg>${Config}</arg>
<arg>$.Config[0].MaxAttempts</arg>
<doc>Get a single value from a JSON serializable object that matches the given expression.</doc>
<msg timestamp="20221116 09:41:02.196" level="INFO">Get value from JSON with expression: "$.Config[0].MaxAttempts"</msg>
<msg timestamp="20221116 09:41:02.382" level="INFO">${MaxAttempts} = 3</msg>
<status status="PASS" starttime="20221116 09:41:02.192" endtime="20221116 09:41:02.383"/>
</kw>
<kw name="Log To Console" library="BuiltIn">
<arg>Data collected successfully</arg>
<doc>Logs the given message to the console.</doc>
<status status="PASS" starttime="20221116 09:41:02.390" endtime="20221116 09:41:02.395"/>
</kw>
<kw name="Get value from JSON" library="RPA.JSON">
<var>${CollectAzureData}</var>
<arg>${Config}</arg>
<arg>$.Config[0].CollectAzureData</arg>
<doc>Get a single value from a JSON serializable object that matches the given expression.</doc>
<msg timestamp="20221116 09:41:02.401" level="INFO">Get value from JSON with expression: "$.Config[0].CollectAzureData"</msg>
<msg timestamp="20221116 09:41:02.564" level="INFO">${CollectAzureData} = False</msg>
<status status="PASS" starttime="20221116 09:41:02.399" endtime="20221116 09:41:02.564"/>
</kw>
<if>
<branch type="IF" condition="${CollectAzureData}">
<kw name="Collect Azure Passwords" library="CredentialAzure">
<var>${ReturnListAzure}</var>
<status status="NOT RUN" starttime="20221116 09:41:02.568" endtime="20221116 09:41:02.569"/>
</kw>
<if>
<branch type="IF" condition="&quot;${ReturnListAzure}&quot; == &quot;not collected credentials Azure&quot;">
<kw name="Log To Console" library="BuiltIn">
<arg>not collected credentials Azure</arg>
<doc>Logs the given message to the console.</doc>
<status status="NOT RUN" starttime="20221116 09:41:02.577" endtime="20221116 09:41:02.580"/>
</kw>
<kw name="Fatal Error" library="BuiltIn">
<doc>Stops the whole test execution.</doc>
<status status="NOT RUN" starttime="20221116 09:41:02.582" endtime="20221116 09:41:02.582"/>
</kw>
<status status="NOT RUN" starttime="20221116 09:41:02.573" endtime="20221116 09:41:02.583"/>
</branch>
<status status="NOT RUN" starttime="20221116 09:41:02.572" endtime="20221116 09:41:02.584"/>
</if>
<status status="NOT RUN" starttime="20221116 09:41:02.567" endtime="20221116 09:41:02.585"/>
</branch>
<status status="PASS" starttime="20221116 09:41:02.565" endtime="20221116 09:41:02.586"/>
</if>
<kw name="Evaluate" library="BuiltIn">
<var>${ConditionProcessAzure}</var>
<arg>"'" in """${ReturnListAzure}"""</arg>
<doc>Evaluates the given expression in Python and returns the result.</doc>
<msg timestamp="20221116 09:41:02.596" level="INFO">${ConditionProcessAzure} = False</msg>
<status status="PASS" starttime="20221116 09:41:02.590" endtime="20221116 09:41:02.597"/>
</kw>
<kw name="Log To Console" library="BuiltIn">
<arg>${ConditionProcessAzure}</arg>
<doc>Logs the given message to the console.</doc>
<status status="PASS" starttime="20221116 09:41:02.600" endtime="20221116 09:41:02.607"/>
</kw>
<if>
<branch type="IF" condition="${ConditionProcessAzure}">
<kw name="Get From List" library="Collections">
<var>${passwordCredential}</var>
<arg>${ReturnListAzure}</arg>
<arg>0</arg>
<doc>Returns the value specified with an ``index`` from ``list``.</doc>
<status status="NOT RUN" starttime="20221116 09:41:02.616" endtime="20221116 09:41:02.618"/>
</kw>
<status status="NOT RUN" starttime="20221116 09:41:02.611" endtime="20221116 09:41:02.619"/>
</branch>
<branch type="ELSE">
<kw name="Set Variable" library="BuiltIn">
<var>${passwordCredential}</var>
<arg>${ReturnListAzure}</arg>
<doc>Returns the given values which can then be assigned to a variables.</doc>
<msg timestamp="20221116 09:41:02.632" level="INFO">${passwordCredential} = </msg>
<status status="PASS" starttime="20221116 09:41:02.627" endtime="20221116 09:41:02.632"/>
</kw>
<status status="PASS" starttime="20221116 09:41:02.620" endtime="20221116 09:41:02.635"/>
</branch>
<status status="PASS" starttime="20221116 09:41:02.608" endtime="20221116 09:41:02.636"/>
</if>
<status status="PASS" starttime="20221116 09:41:02.148" endtime="20221116 09:41:02.637"/>
</branch>
<branch type="EXCEPT">
<kw name="Set Variable" library="BuiltIn">
<var>${ErrorInitialize}</var>
<arg>Initialize Task Main Error</arg>
<doc>Returns the given values which can then be assigned to a variables.</doc>
<status status="NOT RUN" starttime="20221116 09:41:02.644" endtime="20221116 09:41:02.647"/>
</kw>
<kw name="Log To Console" library="BuiltIn">
<arg>Initialize Task Main Error</arg>
<doc>Logs the given message to the console.</doc>
<status status="NOT RUN" starttime="20221116 09:41:02.653" endtime="20221116 09:41:02.659"/>
</kw>
<kw name="Log To Console" library="BuiltIn">
<arg>Data collected Failure</arg>
<doc>Logs the given message to the console.</doc>
<status status="NOT RUN" starttime="20221116 09:41:02.664" endtime="20221116 09:41:02.667"/>
</kw>
<kw name="Fatal Error" library="BuiltIn">
<doc>Stops the whole test execution.</doc>
<status status="NOT RUN" starttime="20221116 09:41:02.669" endtime="20221116 09:41:02.670"/>
</kw>
<status status="NOT RUN" starttime="20221116 09:41:02.640" endtime="20221116 09:41:02.675"/>
</branch>
<status status="PASS" starttime="20221116 09:41:02.146" endtime="20221116 09:41:02.677"/>
</try>
<msg timestamp="20221116 09:41:02.682" level="INFO">${Config} = {'Config': [{'MaxAttempts': '3', 'FolderData': 'Data', 'FolderOutput': 'Output', 'FolderInput': 'Input', 'FolderScreenshot': 'ExceptionScreenshot', 'FolderLog': 'Log', 'CollectAzureData': 'False', 'Em...</msg>
<msg timestamp="20221116 09:41:02.683" level="INFO">${MaxAttempts} = 3</msg>
<msg timestamp="20221116 09:41:02.684" level="INFO">${passwordCredential} = </msg>
<status status="PASS" starttime="20221116 09:41:02.137" endtime="20221116 09:41:02.684"/>
</kw>
<kw name="Start process">
<var>${Mensagem}</var>
<var>${passwordCredential}</var>
<var>${MensagemEmailBody}</var>
<var>${Counter}</var>
<var>${transactionItem}</var>
<var>${Mensagem}</var>
<arg>${Config}</arg>
<arg>${MaxAttempts}</arg>
<arg>${PathDefault}</arg>
<arg>${passwordCredential}</arg>
<while condition="${MaxAttempts} &gt;= ${Counter}">
<iter>
<try>
<branch type="TRY">
<kw name="Get value from JSON" library="RPA.JSON">
<var>${RobocorpCredentials}</var>
<arg>${Config}</arg>
<arg>$.Config[0].RobocorpCredentials</arg>
<doc>Get a single value from a JSON serializable object that matches the given expression.</doc>
<msg timestamp="20221116 09:41:02.700" level="INFO">Get value from JSON with expression: "$.Config[0].RobocorpCredentials"</msg>
<msg timestamp="20221116 09:41:02.843" level="INFO">${RobocorpCredentials} = False</msg>
<status status="PASS" starttime="20221116 09:41:02.697" endtime="20221116 09:41:02.843"/>
</kw>
<kw name="Get value from JSON" library="RPA.JSON">
<var>${DataEnvironment}</var>
<arg>${Config}</arg>
<arg>$.Config[0].DataEnvironment</arg>
<doc>Get a single value from a JSON serializable object that matches the given expression.</doc>
<msg timestamp="20221116 09:41:02.847" level="INFO">Get value from JSON with expression: "$.Config[0].DataEnvironment"</msg>
<msg timestamp="20221116 09:41:02.993" level="INFO">${DataEnvironment} = False</msg>
<status status="PASS" starttime="20221116 09:41:02.845" endtime="20221116 09:41:02.994"/>
</kw>
<kw name="Get value from JSON" library="RPA.JSON">
<var>${ServiceNameCredentialWindows}</var>
<arg>${Config}</arg>
<arg>$.Config[0].ServiceNameCredentialEnviroment</arg>
<doc>Get a single value from a JSON serializable object that matches the given expression.</doc>
<msg timestamp="20221116 09:41:02.998" level="INFO">Get value from JSON with expression: "$.Config[0].ServiceNameCredentialEnviroment"</msg>
<msg timestamp="20221116 09:41:03.132" level="INFO">${ServiceNameCredentialWindows} = </msg>
<status status="PASS" starttime="20221116 09:41:02.996" endtime="20221116 09:41:03.132"/>
</kw>
<kw name="Get value from JSON" library="RPA.JSON">
<var>${UserNameCredentialWindows}</var>
<arg>${Config}</arg>
<arg>$.Config[0].UserNameCredentialEnviroment</arg>
<doc>Get a single value from a JSON serializable object that matches the given expression.</doc>
<msg timestamp="20221116 09:41:03.144" level="INFO">Get value from JSON with expression: "$.Config[0].UserNameCredentialEnviroment"</msg>
<msg timestamp="20221116 09:41:03.292" level="INFO">${UserNameCredentialWindows} = </msg>
<status status="PASS" starttime="20221116 09:41:03.137" endtime="20221116 09:41:03.293"/>
</kw>
<if>
<branch type="IF" condition="${RobocorpCredentials}">
<kw name="Load Control Room credentials" library="ControlRoomCredentials">
<var>${Config}</var>
<var>${passwordCredential}</var>
<arg>${Config}</arg>
<status status="NOT RUN" starttime="20221116 09:41:03.302" endtime="20221116 09:41:03.307"/>
</kw>
<status status="NOT RUN" starttime="20221116 09:41:03.299" endtime="20221116 09:41:03.308"/>
</branch>
<status status="PASS" starttime="20221116 09:41:03.296" endtime="20221116 09:41:03.309"/>
</if>
<if>
<branch type="IF" condition="${DataEnvironment}">
<kw name="Credentials Environment" library="VariableEnvironmentWindows">
<var>${passwordCredential}</var>
<arg>${ServiceNameCredentialWindows}</arg>
<arg>${UserNameCredentialWindows}</arg>
<status status="NOT RUN" starttime="20221116 09:41:03.312" endtime="20221116 09:41:03.313"/>
</kw>
<status status="NOT RUN" starttime="20221116 09:41:03.311" endtime="20221116 09:41:03.316"/>
</branch>
<status status="PASS" starttime="20221116 09:41:03.310" endtime="20221116 09:41:03.318"/>
</if>
<kw name="Delete and create Folders" library="CreateFolders">
<var>${Config}</var>
<arg>${Config}</arg>
<arg>${PathDefault}</arg>
<try>
<branch type="TRY">
<kw name="Get value from JSON" library="RPA.JSON">
<var>${FolderLog}</var>
<arg>${Config}</arg>
<arg>$.Config[0].FolderLog</arg>
<doc>Get a single value from a JSON serializable object that matches the given expression.</doc>
<msg timestamp="20221116 09:41:03.343" level="INFO">Get value from JSON with expression: "$.Config[0].FolderLog"</msg>
<msg timestamp="20221116 09:41:03.518" level="INFO">${FolderLog} = Log</msg>
<status status="PASS" starttime="20221116 09:41:03.337" endtime="20221116 09:41:03.518"/>
</kw>
<kw name="Get value from JSON" library="RPA.JSON">
<var>${FolderData}</var>
<arg>${Config}</arg>
<arg>$.Config[0].FolderData</arg>
<doc>Get a single value from a JSON serializable object that matches the given expression.</doc>
<msg timestamp="20221116 09:41:03.527" level="INFO">Get value from JSON with expression: "$.Config[0].FolderData"</msg>
<msg timestamp="20221116 09:41:03.673" level="INFO">${FolderData} = Data</msg>
<status status="PASS" starttime="20221116 09:41:03.521" endtime="20221116 09:41:03.674"/>
</kw>
<kw name="Get value from JSON" library="RPA.JSON">
<var>${FolderInput}</var>
<arg>${Config}</arg>
<arg>$.Config[0].FolderInput</arg>
<doc>Get a single value from a JSON serializable object that matches the given expression.</doc>
<msg timestamp="20221116 09:41:03.683" level="INFO">Get value from JSON with expression: "$.Config[0].FolderInput"</msg>
<msg timestamp="20221116 09:41:03.853" level="INFO">${FolderInput} = Input</msg>
<status status="PASS" starttime="20221116 09:41:03.678" endtime="20221116 09:41:03.854"/>
</kw>
<kw name="Get value from JSON" library="RPA.JSON">
<var>${FolderOutput}</var>
<arg>${Config}</arg>
<arg>$.Config[0].FolderOutput</arg>
<doc>Get a single value from a JSON serializable object that matches the given expression.</doc>
<msg timestamp="20221116 09:41:03.862" level="INFO">Get value from JSON with expression: "$.Config[0].FolderOutput"</msg>
<msg timestamp="20221116 09:41:04.030" level="INFO">${FolderOutput} = Output</msg>
<status status="PASS" starttime="20221116 09:41:03.860" endtime="20221116 09:41:04.031"/>
</kw>
<kw name="Get value from JSON" library="RPA.JSON">
<var>${FolderScreenshot}</var>
<arg>${Config}</arg>
<arg>$.Config[0].FolderScreenshot</arg>
<doc>Get a single value from a JSON serializable object that matches the given expression.</doc>
<msg timestamp="20221116 09:41:04.041" level="INFO">Get value from JSON with expression: "$.Config[0].FolderScreenshot"</msg>
<msg timestamp="20221116 09:41:04.219" level="INFO">${FolderScreenshot} = ExceptionScreenshot</msg>
<status status="PASS" starttime="20221116 09:41:04.039" endtime="20221116 09:41:04.221"/>
</kw>
<kw name="Set Variable" library="BuiltIn">
<var>${FolderLog}</var>
<arg>${PathDefault}${/}${FolderLog}</arg>
<doc>Returns the given values which can then be assigned to a variables.</doc>
<msg timestamp="20221116 09:41:04.232" level="INFO">${FolderLog} = C:\Users\USER\Documents\projeto\felicitacoes\Felicitacoes\Project\Log</msg>
<status status="PASS" starttime="20221116 09:41:04.225" endtime="20221116 09:41:04.233"/>
</kw>
<kw name="Does Directory Exist" library="RPA.FileSystem">
<var>${existFolder}</var>
<arg>${FolderLog}</arg>
<doc>Returns True if the given directory exists, False if not.</doc>
<msg timestamp="20221116 09:41:04.246" level="INFO">${existFolder} = True</msg>
<status status="PASS" starttime="20221116 09:41:04.238" endtime="20221116 09:41:04.247"/>
</kw>
<if>
<branch type="IF" condition="${existFolder}== False">
<kw name="Create Directory" library="RPA.FileSystem">
<arg>${FolderLog}</arg>
<doc>Creates a directory and (optionally) non-existing parent directories.</doc>
<status status="NOT RUN" starttime="20221116 09:41:04.258" endtime="20221116 09:41:04.259"/>
</kw>
<status status="NOT RUN" starttime="20221116 09:41:04.252" endtime="20221116 09:41:04.262"/>
</branch>
<status status="PASS" starttime="20221116 09:41:04.250" endtime="20221116 09:41:04.265"/>
</if>
<kw name="Set Variable" library="BuiltIn">
<var>${FolderScreenshot}</var>
<arg>${FolderLog}${/}${FolderScreenshot}</arg>
<doc>Returns the given values which can then be assigned to a variables.</doc>
<msg timestamp="20221116 09:41:04.275" level="INFO">${FolderScreenshot} = C:\Users\USER\Documents\projeto\felicitacoes\Felicitacoes\Project\Log\ExceptionScreenshot</msg>
<status status="PASS" starttime="20221116 09:41:04.270" endtime="20221116 09:41:04.275"/>
</kw>
<kw name="Does Directory Exist" library="RPA.FileSystem">
<var>${existFolder}</var>
<arg>${FolderScreenshot}</arg>
<doc>Returns True if the given directory exists, False if not.</doc>
<msg timestamp="20221116 09:41:04.284" level="INFO">${existFolder} = True</msg>
<status status="PASS" starttime="20221116 09:41:04.280" endtime="20221116 09:41:04.285"/>
</kw>
<if>
<branch type="IF" condition="${existFolder}== False">
<kw name="Create Directory" library="RPA.FileSystem">
<arg>${FolderScreenshot}</arg>
<doc>Creates a directory and (optionally) non-existing parent directories.</doc>
<status status="NOT RUN" starttime="20221116 09:41:04.293" endtime="20221116 09:41:04.295"/>
</kw>
<status status="NOT RUN" starttime="20221116 09:41:04.288" endtime="20221116 09:41:04.296"/>
</branch>
<status status="PASS" starttime="20221116 09:41:04.287" endtime="20221116 09:41:04.297"/>
</if>
<kw name="Set Variable" library="BuiltIn">
<var>${FolderData}</var>
<arg>${PathDefault}${/}${FolderData}</arg>
<doc>Returns the given values which can then be assigned to a variables.</doc>
<msg timestamp="20221116 09:41:04.304" level="INFO">${FolderData} = C:\Users\USER\Documents\projeto\felicitacoes\Felicitacoes\Project\Data</msg>
<status status="PASS" starttime="20221116 09:41:04.299" endtime="20221116 09:41:04.305"/>
</kw>
<kw name="Does Directory Exist" library="RPA.FileSystem">
<var>${existFolder}</var>
<arg>${FolderData}</arg>
<doc>Returns True if the given directory exists, False if not.</doc>
<msg timestamp="20221116 09:41:04.319" level="INFO">${existFolder} = True</msg>
<status status="PASS" starttime="20221116 09:41:04.310" endtime="20221116 09:41:04.320"/>
</kw>
<if>
<branch type="IF" condition="${existFolder}== False">
<kw name="Create Directory" library="RPA.FileSystem">
<arg>${FolderData}</arg>
<doc>Creates a directory and (optionally) non-existing parent directories.</doc>
<status status="NOT RUN" starttime="20221116 09:41:04.329" endtime="20221116 09:41:04.331"/>
</kw>
<status status="NOT RUN" starttime="20221116 09:41:04.324" endtime="20221116 09:41:04.333"/>
</branch>
<status status="PASS" starttime="20221116 09:41:04.322" endtime="20221116 09:41:04.337"/>
</if>
<kw name="Set Variable" library="BuiltIn">
<var>${FolderInput}</var>
<arg>${FolderData}${/}${FolderInput}</arg>
<doc>Returns the given values which can then be assigned to a variables.</doc>
<msg timestamp="20221116 09:41:04.345" level="INFO">${FolderInput} = C:\Users\USER\Documents\projeto\felicitacoes\Felicitacoes\Project\Data\Input</msg>
<status status="PASS" starttime="20221116 09:41:04.341" endtime="20221116 09:41:04.346"/>
</kw>
<kw name="Does Directory Exist" library="RPA.FileSystem">
<var>${existFolder}</var>
<arg>${FolderInput}</arg>
<doc>Returns True if the given directory exists, False if not.</doc>
<msg timestamp="20221116 09:41:04.359" level="INFO">${existFolder} = True</msg>
<status status="PASS" starttime="20221116 09:41:04.350" endtime="20221116 09:41:04.359"/>
</kw>
<if>
<branch type="IF" condition="${existFolder}== False">
<kw name="Create Directory" library="RPA.FileSystem">
<arg>${FolderInput}</arg>
<doc>Creates a directory and (optionally) non-existing parent directories.</doc>
<status status="NOT RUN" starttime="20221116 09:41:04.365" endtime="20221116 09:41:04.366"/>
</kw>
<status status="NOT RUN" starttime="20221116 09:41:04.363" endtime="20221116 09:41:04.367"/>
</branch>
<status status="PASS" starttime="20221116 09:41:04.361" endtime="20221116 09:41:04.368"/>
</if>
<kw name="Set Variable" library="BuiltIn">
<var>${FolderOutput}</var>
<arg>${FolderData}${/}${FolderOutput}</arg>
<doc>Returns the given values which can then be assigned to a variables.</doc>
<msg timestamp="20221116 09:41:04.379" level="INFO">${FolderOutput} = C:\Users\USER\Documents\projeto\felicitacoes\Felicitacoes\Project\Data\Output</msg>
<status status="PASS" starttime="20221116 09:41:04.373" endtime="20221116 09:41:04.380"/>
</kw>
<kw name="Does Directory Exist" library="RPA.FileSystem">
<var>${existFolder}</var>
<arg>${FolderOutput}</arg>
<doc>Returns True if the given directory exists, False if not.</doc>
<msg timestamp="20221116 09:41:04.391" level="INFO">${existFolder} = True</msg>
<status status="PASS" starttime="20221116 09:41:04.383" endtime="20221116 09:41:04.392"/>
</kw>
<if>
<branch type="IF" condition="${existFolder}== False">
<kw name="Create Directory" library="RPA.FileSystem">
<arg>${FolderOutput}</arg>
<doc>Creates a directory and (optionally) non-existing parent directories.</doc>
<status status="NOT RUN" starttime="20221116 09:41:04.401" endtime="20221116 09:41:04.405"/>
</kw>
<status status="NOT RUN" starttime="20221116 09:41:04.396" endtime="20221116 09:41:04.408"/>
</branch>
<status status="PASS" starttime="20221116 09:41:04.393" endtime="20221116 09:41:04.410"/>
</if>
<status status="PASS" starttime="20221116 09:41:03.330" endtime="20221116 09:41:04.412"/>
</branch>
<branch type="EXCEPT">
<kw name="Log To Console" library="BuiltIn">
<arg>Error: Task failed, Delete and create Folders.</arg>
<doc>Logs the given message to the console.</doc>
<status status="NOT RUN" starttime="20221116 09:41:04.421" endtime="20221116 09:41:04.423"/>
</kw>
<kw name="Fail" library="BuiltIn">
<doc>Fails the test with the given message and optionally alters its tags.</doc>
<status status="NOT RUN" starttime="20221116 09:41:04.428" endtime="20221116 09:41:04.431"/>
</kw>
<status status="NOT RUN" starttime="20221116 09:41:04.415" endtime="20221116 09:41:04.433"/>
</branch>
<status status="PASS" starttime="20221116 09:41:03.329" endtime="20221116 09:41:04.438"/>
</try>
<msg timestamp="20221116 09:41:04.442" level="INFO">${Config} = {'Config': [{'MaxAttempts': '3', 'FolderData': 'Data', 'FolderOutput': 'Output', 'FolderInput': 'Input', 'FolderScreenshot': 'ExceptionScreenshot', 'FolderLog': 'Log', 'CollectAzureData': 'False', 'Em...</msg>
<status status="PASS" starttime="20221116 09:41:03.322" endtime="20221116 09:41:04.442"/>
</kw>
<kw name="Kill Process Task" library="KillAllProcess">
<var>${Config}</var>
<arg>${Config}</arg>
<try>
<branch type="TRY">
<kw name="Kill Process" library="RPA.Desktop.OperatingSystem">
<arg>Excel.exe</arg>
<doc>Kill process by name</doc>
<status status="PASS" starttime="20221116 09:41:04.457" endtime="20221116 09:41:05.167"/>
</kw>
<kw name="Close All Browsers" library="RPA.Browser">
<doc>Closes all open browsers and resets the browser cache.</doc>
<status status="PASS" starttime="20221116 09:41:05.174" endtime="20221116 09:41:05.177"/>
</kw>
<kw name="Kill Browser" library="KillBrowser">
<status status="PASS" starttime="20221116 09:41:05.182" endtime="20221116 09:41:05.431"/>
</kw>
<status status="PASS" starttime="20221116 09:41:04.451" endtime="20221116 09:41:05.433"/>
</branch>
<branch type="EXCEPT">
<kw name="Log To Console" library="BuiltIn">
<arg>Error: Failure in task Kill Process</arg>
<doc>Logs the given message to the console.</doc>
<status status="NOT RUN" starttime="20221116 09:41:05.442" endtime="20221116 09:41:05.443"/>
</kw>
<kw name="Fail" library="BuiltIn">
<doc>Fails the test with the given message and optionally alters its tags.</doc>
<status status="NOT RUN" starttime="20221116 09:41:05.450" endtime="20221116 09:41:05.455"/>
</kw>
<status status="NOT RUN" starttime="20221116 09:41:05.438" endtime="20221116 09:41:05.458"/>
</branch>
<status status="PASS" starttime="20221116 09:41:04.450" endtime="20221116 09:41:05.462"/>
</try>
<msg timestamp="20221116 09:41:05.466" level="INFO">${Config} = {'Config': [{'MaxAttempts': '3', 'FolderData': 'Data', 'FolderOutput': 'Output', 'FolderInput': 'Input', 'FolderScreenshot': 'ExceptionScreenshot', 'FolderLog': 'Log', 'CollectAzureData': 'False', 'Em...</msg>
<status status="PASS" starttime="20221116 09:41:04.446" endtime="20221116 09:41:05.467"/>
</kw>
<kw name="Bot Logic Task Process" library="Task Process">
<var>${Config}</var>
<var>${MsgEmailBodyProcess}</var>
<var>${transactionItem}</var>
<arg>${Config}</arg>
<arg>${PathDefault}</arg>
<try>
<branch type="TRY">
<kw name="Open Excel" library="TaksExcel">
<var>${lista_aniversariante}</var>
<arg>${Config}</arg>
<try>
<branch type="TRY">
<kw name="Set Variable" library="BuiltIn">
<var>${caminho_planilha}</var>
<arg>${Config}[Config][0][caminho_planilha]</arg>
<doc>Returns the given values which can then be assigned to a variables.</doc>
<msg timestamp="20221116 09:41:05.511" level="INFO">${caminho_planilha} = C:\Users\USER\Practia\Practia Brasil - Endomarketing - Endomarketing\Robo felicitação Lista de Contato Practia.xlsx</msg>
<status status="PASS" starttime="20221116 09:41:05.504" endtime="20221116 09:41:05.512"/>
</kw>
<kw name="Open Workbook" library="RPA.Excel.Files">
<arg>${caminho_planilha}</arg>
<doc>Open an existing Excel workbook.</doc>
<msg timestamp="20221116 09:41:06.019" level="INFO">Opened workbook: &lt;RPA.Excel.Files.XlsxWorkbook object at 0x0000022D0EDFB108&gt;</msg>
<status status="PASS" starttime="20221116 09:41:05.521" endtime="20221116 09:41:06.020"/>
</kw>
<kw name="Read Worksheet As Table" library="RPA.Excel.Files">
<var>${table}</var>
<arg>header=True</arg>
<arg>start=7</arg>
<doc>Read the contents of a worksheet into a Table container. Allows
sorting/filtering/manipulating using the ``RPA.Tables`` library.</doc>
<msg timestamp="20221116 09:41:06.093" level="INFO">Created table: Table(columns=['Nome Completo', 'Cargo', 'E-mail', 'Aniversário', 'Usuario', 'WhatsApp'], rows=66)</msg>
<msg timestamp="20221116 09:41:06.097" level="INFO">${table} = Table(columns=['Nome Completo', 'Cargo', 'E-mail', 'Aniversário', 'Usuario', 'WhatsApp'], rows=66)</msg>
<status status="PASS" starttime="20221116 09:41:06.026" endtime="20221116 09:41:06.097"/>
</kw>
<kw name="Close Workbook" library="RPA.Excel.Files">
<doc>Close the active workbook.</doc>
<msg timestamp="20221116 09:41:06.108" level="INFO">Closing workbook: &lt;RPA.Excel.Files.XlsxWorkbook object at 0x0000022D0EDFB108&gt;</msg>
<status status="PASS" starttime="20221116 09:41:06.107" endtime="20221116 09:41:06.109"/>
</kw>
<kw name="Create List" library="BuiltIn">
<var>${lista_aniversariante}</var>
<doc>Returns a list containing given items.</doc>
<msg timestamp="20221116 09:41:06.117" level="INFO">${lista_aniversariante} = []</msg>
<status status="PASS" starttime="20221116 09:41:06.113" endtime="20221116 09:41:06.117"/>
</kw>
<kw name="Get data sistema and convert" library="TaksExcel">
<var>${data_sistema}</var>
<kw name="Get Current Date" library="DateTime">
<var>${data_sistema}</var>
<arg>time_zone=UTC</arg>
<arg>result_format=datetime</arg>
<arg>exclude_millis=True</arg>
<doc>Returns current local or UTC time with an optional increment.</doc>
<msg timestamp="20221116 09:41:06.129" level="INFO">${data_sistema} = 2022-11-16 12:41:06</msg>
<status status="PASS" starttime="20221116 09:41:06.126" endtime="20221116 09:41:06.129"/>
</kw>
<kw name="Set Variable" library="BuiltIn">
<var>${data_sistema_convertida}</var>
<arg>${data_sistema.day}/${data_sistema.month}</arg>
<doc>Returns the given values which can then be assigned to a variables.</doc>
<msg timestamp="20221116 09:41:06.155" level="INFO">${data_sistema_convertida} = 16/11</msg>
<status status="PASS" starttime="20221116 09:41:06.133" endtime="20221116 09:41:06.155"/>
</kw>
<msg timestamp="20221116 09:41:06.157" level="INFO">${data_sistema} = 16/11</msg>
<status status="PASS" starttime="20221116 09:41:06.122" endtime="20221116 09:41:06.158"/>
</kw>
<for flavor="IN">
<var>${row_excel}</var>
<value>@{table}</value>
<iter>
<var name="${row_excel}">{'Nome Completo': 'Andrea Beckert Trindade', 'Cargo': 'Analista Administrativo', 'E-mail': 'abeckert@practia.global', 'Aniversário': datetime.datetime(1977, 4, 27, 0, 0), 'Usuario': 'Andrea Beckert.jp...</var>
<kw name="Get aniversariante" library="TaksExcel">
<var>${lista_aniversariante}</var>
<arg>${data_sistema}</arg>
<arg>${row_excel}[Aniversário]</arg>
<arg>${row_excel}</arg>
<arg>${lista_aniversariante}</arg>
<kw name="Set Variable" library="BuiltIn">
<var>${data_aniversariante_convertida}</var>
<arg>${data_aniversariante.day}/${data_aniversariante.month}</arg>
<doc>Returns the given values which can then be assigned to a variables.</doc>
<msg timestamp="20221116 09:41:06.207" level="INFO">${data_aniversariante_convertida} = 27/4</msg>
<status status="PASS" starttime="20221116 09:41:06.181" endtime="20221116 09:41:06.208"/>
</kw>
<kw name="Evaluate" library="BuiltIn">
<var>${ha_aniversariante}</var>
<arg>"15/11" in "${data_aniversariante_convertida}"</arg>
<doc>Evaluates the given expression in Python and returns the result.</doc>
<msg timestamp="20221116 09:41:06.213" level="INFO">${ha_aniversariante} = False</msg>
<status status="PASS" starttime="20221116 09:41:06.211" endtime="20221116 09:41:06.214"/>
</kw>
<if>
<branch type="IF" condition="${ha_aniversariante} == True">
<kw name="Append To List" library="Collections">
<arg>${lista_aniversariante}</arg>
<arg>${table}</arg>
<doc>Adds ``values`` to the end of ``list``.</doc>
<status status="NOT RUN" starttime="20221116 09:41:06.221" endtime="20221116 09:41:06.223"/>
</kw>
<kw name="Log To Console" library="BuiltIn">
<arg>${lista_aniversariante}</arg>
<doc>Logs the given message to the console.</doc>
<status status="NOT RUN" starttime="20221116 09:41:06.228" endtime="20221116 09:41:06.230"/>
</kw>
<status status="NOT RUN" starttime="20221116 09:41:06.215" endtime="20221116 09:41:06.232"/>
</branch>
<branch type="ELSE">
<kw name="Log To Console" library="BuiltIn">
<arg>False</arg>
<doc>Logs the given message to the console.</doc>
<status status="PASS" starttime="20221116 09:41:06.240" endtime="20221116 09:41:06.245"/>
</kw>
<status status="PASS" starttime="20221116 09:41:06.234" endtime="20221116 09:41:06.248"/>
</branch>
<status status="PASS" starttime="20221116 09:41:06.214" endtime="20221116 09:41:06.251"/>
</if>
<msg timestamp="20221116 09:41:06.256" level="INFO">${lista_aniversariante} = []</msg>
<status status="PASS" starttime="20221116 09:41:06.170" endtime="20221116 09:41:06.257"/>
</kw>
<status status="PASS" starttime="20221116 09:41:06.166" endtime="20221116 09:41:06.260"/>
</iter>
<iter>
<var name="${row_excel}">{'Nome Completo': 'Antônio Carlos de Carvalho Júnior', 'Cargo': 'PM Cargill', 'E-mail': 'acarvalho@practia.global', 'Aniversário': datetime.datetime(1975, 7, 10, 0, 0), 'Usuario': 'antonio C. Carvalho...</var>
<kw name="Get aniversariante" library="TaksExcel">
<var>${lista_aniversariante}</var>
<arg>${data_sistema}</arg>
<arg>${row_excel}[Aniversário]</arg>
<arg>${row_excel}</arg>
<arg>${lista_aniversariante}</arg>
<kw name="Set Variable" library="BuiltIn">
<var>${data_aniversariante_convertida}</var>
<arg>${data_aniversariante.day}/${data_aniversariante.month}</arg>
<doc>Returns the given values which can then be assigned to a variables.</doc>
<msg timestamp="20221116 09:41:06.303" level="INFO">${data_aniversariante_convertida} = 10/7</msg>
<status status="PASS" starttime="20221116 09:41:06.281" endtime="20221116 09:41:06.303"/>
</kw>
<kw name="Evaluate" library="BuiltIn">
<var>${ha_aniversariante}</var>
<arg>"15/11" in "${data_aniversariante_convertida}"</arg>
<doc>Evaluates the given expression in Python and returns the result.</doc>
<msg timestamp="20221116 09:41:06.314" level="INFO">${ha_aniversariante} = False</msg>
<status status="PASS" starttime="20221116 09:41:06.309" endtime="20221116 09:41:06.314"/>
</kw>
<if>
<branch type="IF" condition="${ha_aniversariante} == True">
<kw name="Append To List" library="Collections">
<arg>${lista_aniversariante}</arg>
<arg>${table}</arg>
<doc>Adds ``values`` to the end of ``list``.</doc>
<status status="NOT RUN" starttime="20221116 09:41:06.326" endtime="20221116 09:41:06.328"/>
</kw>
<kw name="Log To Console" library="BuiltIn">
<arg>${lista_aniversariante}</arg>
<doc>Logs the given message to the console.</doc>
<status status="NOT RUN" starttime="20221116 09:41:06.330" endtime="20221116 09:41:06.331"/>
</kw>
<status status="NOT RUN" starttime="20221116 09:41:06.321" endtime="20221116 09:41:06.332"/>
</branch>
<branch type="ELSE">
<kw name="Log To Console" library="BuiltIn">
<arg>False</arg>
<doc>Logs the given message to the console.</doc>
<status status="PASS" starttime="20221116 09:41:06.338" endtime="20221116 09:41:06.342"/>
</kw>
<status status="PASS" starttime="20221116 09:41:06.332" endtime="20221116 09:41:06.345"/>
</branch>
<status status="PASS" starttime="20221116 09:41:06.316" endtime="20221116 09:41:06.346"/>
</if>
<msg timestamp="20221116 09:41:06.347" level="INFO">${lista_aniversariante} = []</msg>
<status status="PASS" starttime="20221116 09:41:06.269" endtime="20221116 09:41:06.348"/>
</kw>
<status status="PASS" starttime="20221116 09:41:06.263" endtime="20221116 09:41:06.349"/>
</iter>
<iter>
<var name="${row_excel}">{'Nome Completo': 'Caio Almeida Souza', 'Cargo': 'Desenvolvedor RPA', 'E-mail': 'calmeida@practia.global', 'Aniversário': datetime.datetime(1999, 2, 22, 0, 0), 'Usuario': 'Caio Almeida Souza.jpeg', 'W...</var>
<kw name="Get aniversariante" library="TaksExcel">
<var>${lista_aniversariante}</var>
<arg>${data_sistema}</arg>
<arg>${row_excel}[Aniversário]</arg>
<arg>${row_excel}</arg>
<arg>${lista_aniversariante}</arg>
<kw name="Set Variable" library="BuiltIn">
<var>${data_aniversariante_convertida}</var>
<arg>${data_aniversariante.day}/${data_aniversariante.month}</arg>
<doc>Returns the given values which can then be assigned to a variables.</doc>
<msg timestamp="20221116 09:41:06.391" level="INFO">${data_aniversariante_convertida} = 22/2</msg>
<status status="PASS" starttime="20221116 09:41:06.368" endtime="20221116 09:41:06.392"/>
</kw>
<kw name="Evaluate" library="BuiltIn">
<var>${ha_aniversariante}</var>
<arg>"15/11" in "${data_aniversariante_convertida}"</arg>
<doc>Evaluates the given expression in Python and returns the result.</doc>
<msg timestamp="20221116 09:41:06.397" level="INFO">${ha_aniversariante} = False</msg>
<status status="PASS" starttime="20221116 09:41:06.395" endtime="20221116 09:41:06.397"/>
</kw>
<if>
<branch type="IF" condition="${ha_aniversariante} == True">
<kw name="Append To List" library="Collections">
<arg>${lista_aniversariante}</arg>
<arg>${table}</arg>
<doc>Adds ``values`` to the end of ``list``.</doc>
<status status="NOT RUN" starttime="20221116 09:41:06.408" endtime="20221116 09:41:06.411"/>
</kw>
<kw name="Log To Console" library="BuiltIn">
<arg>${lista_aniversariante}</arg>
<doc>Logs the given message to the console.</doc>
<status status="NOT RUN" starttime="20221116 09:41:06.418" endtime="20221116 09:41:06.421"/>
</kw>
<status status="NOT RUN" starttime="20221116 09:41:06.403" endtime="20221116 09:41:06.423"/>
</branch>
<branch type="ELSE">
<kw name="Log To Console" library="BuiltIn">
<arg>False</arg>
<doc>Logs the given message to the console.</doc>
<status status="PASS" starttime="20221116 09:41:06.431" endtime="20221116 09:41:06.438"/>
</kw>
<status status="PASS" starttime="20221116 09:41:06.426" endtime="20221116 09:41:06.441"/>
</branch>
<status status="PASS" starttime="20221116 09:41:06.398" endtime="20221116 09:41:06.443"/>
</if>
<msg timestamp="20221116 09:41:06.447" level="INFO">${lista_aniversariante} = []</msg>
<status status="PASS" starttime="20221116 09:41:06.355" endtime="20221116 09:41:06.448"/>
</kw>
<status status="PASS" starttime="20221116 09:41:06.352" endtime="20221116 09:41:06.454"/>
</iter>
<iter>
<var name="${row_excel}">{'Nome Completo': 'Caio Augusto Prato Fodra', 'Cargo': 'Estagiário de Desenvolvimento RPA', 'E-mail': 'cfodra@practia.global', 'Aniversário': datetime.datetime(2001, 9, 10, 0, 0), 'Usuario': 'Caio Fod...</var>
<kw name="Get aniversariante" library="TaksExcel">
<var>${lista_aniversariante}</var>
<arg>${data_sistema}</arg>
<arg>${row_excel}[Aniversário]</arg>
<arg>${row_excel}</arg>
<arg>${lista_aniversariante}</arg>
<kw name="Set Variable" library="BuiltIn">
<var>${data_aniversariante_convertida}</var>
<arg>${data_aniversariante.day}/${data_aniversariante.month}</arg>
<doc>Returns the given values which can then be assigned to a variables.</doc>
<msg timestamp="20221116 09:41:06.494" level="INFO">${data_aniversariante_convertida} = 10/9</msg>
<status status="PASS" starttime="20221116 09:41:06.474" endtime="20221116 09:41:06.494"/>
</kw>
<kw name="Evaluate" library="BuiltIn">
<var>${ha_aniversariante}</var>
<arg>"15/11" in "${data_aniversariante_convertida}"</arg>
<doc>Evaluates the given expression in Python and returns the result.</doc>
<msg timestamp="20221116 09:41:06.503" level="INFO">${ha_aniversariante} = False</msg>
<status status="PASS" starttime="20221116 09:41:06.496" endtime="20221116 09:41:06.503"/>
</kw>
<if>
<branch type="IF" condition="${ha_aniversariante} == True">
<kw name="Append To List" library="Collections">
<arg>${lista_aniversariante}</arg>
<arg>${table}</arg>
<doc>Adds ``values`` to the end of ``list``.</doc>
<status status="NOT RUN" starttime="20221116 09:41:06.514" endtime="20221116 09:41:06.516"/>
</kw>
<kw name="Log To Console" library="BuiltIn">
<arg>${lista_aniversariante}</arg>
<doc>Logs the given message to the console.</doc>
<status status="NOT RUN" starttime="20221116 09:41:06.524" endtime="20221116 09:41:06.526"/>
</kw>
<status status="NOT RUN" starttime="20221116 09:41:06.508" endtime="20221116 09:41:06.528"/>
</branch>
<branch type="ELSE">
<kw name="Log To Console" library="BuiltIn">
<arg>False</arg>
<doc>Logs the given message to the console.</doc>
<status status="PASS" starttime="20221116 09:41:06.538" endtime="20221116 09:41:06.542"/>
</kw>
<status status="PASS" starttime="20221116 09:41:06.531" endtime="20221116 09:41:06.546"/>
</branch>
<status status="PASS" starttime="20221116 09:41:06.505" endtime="20221116 09:41:06.548"/>
</if>
<msg timestamp="20221116 09:41:06.552" level="INFO">${lista_aniversariante} = []</msg>
<status status="PASS" starttime="20221116 09:41:06.461" endtime="20221116 09:41:06.553"/>
</kw>
<status status="PASS" starttime="20221116 09:41:06.458" endtime="20221116 09:41:06.554"/>
</iter>
<iter>
<var name="${row_excel}">{'Nome Completo': 'Carla Carolina Ribeiro de Moraes', 'Cargo': 'Analista de RH', 'E-mail': 'cmoraes@practia.global', 'Aniversário': datetime.datetime(1989, 5, 17, 0, 0), 'Usuario': 'Carla Moraes.jpg',...</var>
<kw name="Get aniversariante" library="TaksExcel">
<var>${lista_aniversariante}</var>
<arg>${data_sistema}</arg>
<arg>${row_excel}[Aniversário]</arg>
<arg>${row_excel}</arg>
<arg>${lista_aniversariante}</arg>
<kw name="Set Variable" library="BuiltIn">
<var>${data_aniversariante_convertida}</var>
<arg>${data_aniversariante.day}/${data_aniversariante.month}</arg>
<doc>Returns the given values which can then be assigned to a variables.</doc>
<msg timestamp="20221116 09:41:06.612" level="INFO">${data_aniversariante_convertida} = 17/5</msg>
<status status="PASS" starttime="20221116 09:41:06.583" endtime="20221116 09:41:06.612"/>
</kw>
<kw name="Evaluate" library="BuiltIn">
<var>${ha_aniversariante}</var>
<arg>"15/11" in "${data_aniversariante_convertida}"</arg>
<doc>Evaluates the given expression in Python and returns the result.</doc>
<msg timestamp="20221116 09:41:06.625" level="INFO">${ha_aniversariante} = False</msg>
<status status="PASS" starttime="20221116 09:41:06.620" endtime="20221116 09:41:06.626"/>
</kw>
<if>
<branch type="IF" condition="${ha_aniversariante} == True">
<kw name="Append To List" library="Collections">
<arg>${lista_aniversariante}</arg>
<arg>${table}</arg>
<doc>Adds ``values`` to the end of ``list``.</doc>
<status status="NOT RUN" starttime="20221116 09:41:06.632" endtime="20221116 09:41:06.633"/>
</kw>
<kw name="Log To Console" library="BuiltIn">
<arg>${lista_aniversariante}</arg>
<doc>Logs the given message to the console.</doc>
<status status="NOT RUN" starttime="20221116 09:41:06.639" endtime="20221116 09:41:06.642"/>
</kw>
<status status="NOT RUN" starttime="20221116 09:41:06.629" endtime="20221116 09:41:06.644"/>
</branch>
<branch type="ELSE">
<kw name="Log To Console" library="BuiltIn">
<arg>False</arg>
<doc>Logs the given message to the console.</doc>
<status status="PASS" starttime="20221116 09:41:06.647" endtime="20221116 09:41:06.650"/>
</kw>
<status status="PASS" starttime="20221116 09:41:06.645" endtime="20221116 09:41:06.653"/>
</branch>
<status status="PASS" starttime="20221116 09:41:06.627" endtime="20221116 09:41:06.656"/>
</if>
<msg timestamp="20221116 09:41:06.660" level="INFO">${lista_aniversariante} = []</msg>
<status status="PASS" starttime="20221116 09:41:06.561" endtime="20221116 09:41:06.661"/>
</kw>
<status status="PASS" starttime="20221116 09:41:06.557" endtime="20221116 09:41:06.663"/>
</iter>
<iter>
<var name="${row_excel}">{'Nome Completo': 'Carlos José Pardini', 'Cargo': 'Diretor Administrativo Financeiro', 'E-mail': 'cpardini@practia.global', 'Aniversário': datetime.datetime(1965, 6, 10, 0, 0), 'Usuario': 'Carlos Pard...</var>
<kw name="Get aniversariante" library="TaksExcel">
<var>${lista_aniversariante}</var>
<arg>${data_sistema}</arg>
<arg>${row_excel}[Aniversário]</arg>
<arg>${row_excel}</arg>
<arg>${lista_aniversariante}</arg>
<kw name="Set Variable" library="BuiltIn">
<var>${data_aniversariante_convertida}</var>
<arg>${data_aniversariante.day}/${data_aniversariante.month}</arg>
<doc>Returns the given values which can then be assigned to a variables.</doc>
<msg timestamp="20221116 09:41:06.709" level="INFO">${data_aniversariante_convertida} = 10/6</msg>
<status status="PASS" starttime="20221116 09:41:06.686" endtime="20221116 09:41:06.710"/>
</kw>
<kw name="Evaluate" library="BuiltIn">
<var>${ha_aniversariante}</var>
<arg>"15/11" in "${data_aniversariante_convertida}"</arg>
<doc>Evaluates the given expression in Python and returns the result.</doc>
<msg timestamp="20221116 09:41:06.720" level="INFO">${ha_aniversariante} = False</msg>
<status status="PASS" starttime="20221116 09:41:06.715" endtime="20221116 09:41:06.721"/>
</kw>
<if>
<branch type="IF" condition="${ha_aniversariante} == True">
<kw name="Append To List" library="Collections">
<arg>${lista_aniversariante}</arg>
<arg>${table}</arg>
<doc>Adds ``values`` to the end of ``list``.</doc>
<status status="NOT RUN" starttime="20221116 09:41:06.732" endtime="20221116 09:41:06.736"/>
</kw>
<kw name="Log To Console" library="BuiltIn">
<arg>${lista_aniversariante}</arg>
<doc>Logs the given message to the console.</doc>
<status status="NOT RUN" starttime="20221116 09:41:06.738" endtime="20221116 09:41:06.739"/>
</kw>
<status status="NOT RUN" starttime="20221116 09:41:06.727" endtime="20221116 09:41:06.740"/>
</branch>
<branch type="ELSE">
<kw name="Log To Console" library="BuiltIn">
<arg>False</arg>
<doc>Logs the given message to the console.</doc>
<status status="PASS" starttime="20221116 09:41:06.743" endtime="20221116 09:41:06.746"/>
</kw>
<status status="PASS" starttime="20221116 09:41:06.741" endtime="20221116 09:41:06.749"/>
</branch>
<status status="PASS" starttime="20221116 09:41:06.724" endtime="20221116 09:41:06.751"/>
</if>
<msg timestamp="20221116 09:41:06.755" level="INFO">${lista_aniversariante} = []</msg>
<status status="PASS" starttime="20221116 09:41:06.672" endtime="20221116 09:41:06.756"/>
</kw>
<status status="PASS" starttime="20221116 09:41:06.666" endtime="20221116 09:41:06.757"/>
</iter>
<iter>
<var name="${row_excel}">{'Nome Completo': 'Cristiane Vitorino Sermuksnis', 'Cargo': 'Agile Coach', 'E-mail': 'cvitorino@practia.global', 'Aniversário': datetime.datetime(1974, 1, 21, 0, 0), 'Usuario': 'Cristiane Sermuksnis.p...</var>
<kw name="Get aniversariante" library="TaksExcel">
<var>${lista_aniversariante}</var>
<arg>${data_sistema}</arg>
<arg>${row_excel}[Aniversário]</arg>
<arg>${row_excel}</arg>
<arg>${lista_aniversariante}</arg>
<kw name="Set Variable" library="BuiltIn">
<var>${data_aniversariante_convertida}</var>
<arg>${data_aniversariante.day}/${data_aniversariante.month}</arg>
<doc>Returns the given values which can then be assigned to a variables.</doc>
<msg timestamp="20221116 09:41:06.810" level="INFO">${data_aniversariante_convertida} = 21/1</msg>
<status status="PASS" starttime="20221116 09:41:06.782" endtime="20221116 09:41:06.811"/>
</kw>
<kw name="Evaluate" library="BuiltIn">
<var>${ha_aniversariante}</var>
<arg>"15/11" in "${data_aniversariante_convertida}"</arg>
<doc>Evaluates the given expression in Python and returns the result.</doc>
<msg timestamp="20221116 09:41:06.826" level="INFO">${ha_aniversariante} = False</msg>
<status status="PASS" starttime="20221116 09:41:06.821" endtime="20221116 09:41:06.827"/>
</kw>
<if>
<branch type="IF" condition="${ha_aniversariante} == True">
<kw name="Append To List" library="Collections">
<arg>${lista_aniversariante}</arg>
<arg>${table}</arg>
<doc>Adds ``values`` to the end of ``list``.</doc>
<status status="NOT RUN" starttime="20221116 09:41:06.839" endtime="20221116 09:41:06.841"/>
</kw>
<kw name="Log To Console" library="BuiltIn">
<arg>${lista_aniversariante}</arg>
<doc>Logs the given message to the console.</doc>
<status status="NOT RUN" starttime="20221116 09:41:06.847" endtime="20221116 09:41:06.851"/>
</kw>
<status status="NOT RUN" starttime="20221116 09:41:06.831" endtime="20221116 09:41:06.854"/>
</branch>
<branch type="ELSE">
<kw name="Log To Console" library="BuiltIn">
<arg>False</arg>
<doc>Logs the given message to the console.</doc>
<status status="PASS" starttime="20221116 09:41:06.863" endtime="20221116 09:41:06.869"/>
</kw>
<status status="PASS" starttime="20221116 09:41:06.857" endtime="20221116 09:41:06.872"/>
</branch>
<status status="PASS" starttime="20221116 09:41:06.829" endtime="20221116 09:41:06.875"/>
</if>
<msg timestamp="20221116 09:41:06.880" level="INFO">${lista_aniversariante} = []</msg>
<status status="PASS" starttime="20221116 09:41:06.767" endtime="20221116 09:41:06.881"/>
</kw>
<status status="PASS" starttime="20221116 09:41:06.761" endtime="20221116 09:41:06.885"/>
</iter>
<iter>
<var name="${row_excel}">{'Nome Completo': 'Daniel Alberto Ojeda Fernandez', 'Cargo': 'Scrum Master', 'E-mail': 'dojeda@practia.global', 'Aniversário': datetime.datetime(1974, 1, 7, 0, 0), 'Usuario': 'Daniel Alberto Ojeda Fer...</var>
<kw name="Get aniversariante" library="TaksExcel">
<var>${lista_aniversariante}</var>
<arg>${data_sistema}</arg>
<arg>${row_excel}[Aniversário]</arg>
<arg>${row_excel}</arg>
<arg>${lista_aniversariante}</arg>
<kw name="Set Variable" library="BuiltIn">
<var>${data_aniversariante_convertida}</var>
<arg>${data_aniversariante.day}/${data_aniversariante.month}</arg>
<doc>Returns the given values which can then be assigned to a variables.</doc>
<msg timestamp="20221116 09:41:06.927" level="INFO">${data_aniversariante_convertida} = 7/1</msg>
<status status="PASS" starttime="20221116 09:41:06.908" endtime="20221116 09:41:06.927"/>
</kw>
<kw name="Evaluate" library="BuiltIn">
<var>${ha_aniversariante}</var>
<arg>"15/11" in "${data_aniversariante_convertida}"</arg>
<doc>Evaluates the given expression in Python and returns the result.</doc>
<msg timestamp="20221116 09:41:06.934" level="INFO">${ha_aniversariante} = False</msg>
<status status="PASS" starttime="20221116 09:41:06.931" endtime="20221116 09:41:06.935"/>
</kw>
<if>
<branch type="IF" condition="${ha_aniversariante} == True">
<kw name="Append To List" library="Collections">
<arg>${lista_aniversariante}</arg>
<arg>${table}</arg>
<doc>Adds ``values`` to the end of ``list``.</doc>
<status status="NOT RUN" starttime="20221116 09:41:06.944" endtime="20221116 09:41:06.947"/>
</kw>
<kw name="Log To Console" library="BuiltIn">
<arg>${lista_aniversariante}</arg>
<doc>Logs the given message to the console.</doc>
<status status="NOT RUN" starttime="20221116 09:41:06.952" endtime="20221116 09:41:06.954"/>
</kw>
<status status="NOT RUN" starttime="20221116 09:41:06.939" endtime="20221116 09:41:06.957"/>
</branch>
<branch type="ELSE">
<kw name="Log To Console" library="BuiltIn">
<arg>False</arg>
<doc>Logs the given message to the console.</doc>
<status status="PASS" starttime="20221116 09:41:06.965" endtime="20221116 09:41:06.971"/>
</kw>
<status status="PASS" starttime="20221116 09:41:06.960" endtime="20221116 09:41:06.974"/>
</branch>
<status status="PASS" starttime="20221116 09:41:06.937" endtime="20221116 09:41:06.977"/>
</if>
<msg timestamp="20221116 09:41:06.981" level="INFO">${lista_aniversariante} = []</msg>
<status status="PASS" starttime="20221116 09:41:06.894" endtime="20221116 09:41:06.982"/>
</kw>
<status status="PASS" starttime="20221116 09:41:06.890" endtime="20221116 09:41:06.986"/>
</iter>
<iter>
<var name="${row_excel}">{'Nome Completo': 'Daniel Guedes', 'Cargo': 'Financeiro', 'E-mail': 'dguedes@practia.global', 'Aniversário': datetime.datetime(1988, 12, 5, 0, 0), 'Usuario': 'Daniel Guedes.jpg', 'WhatsApp': 'Daniel G...</var>
<kw name="Get aniversariante" library="TaksExcel">
<var>${lista_aniversariante}</var>
<arg>${data_sistema}</arg>
<arg>${row_excel}[Aniversário]</arg>
<arg>${row_excel}</arg>
<arg>${lista_aniversariante}</arg>
<kw name="Set Variable" library="BuiltIn">
<var>${data_aniversariante_convertida}</var>
<arg>${data_aniversariante.day}/${data_aniversariante.month}</arg>
<doc>Returns the given values which can then be assigned to a variables.</doc>
<msg timestamp="20221116 09:41:07.026" level="INFO">${data_aniversariante_convertida} = 5/12</msg>
<status status="PASS" starttime="20221116 09:41:07.007" endtime="20221116 09:41:07.026"/>
</kw>
<kw name="Evaluate" library="BuiltIn">
<var>${ha_aniversariante}</var>
<arg>"15/11" in "${data_aniversariante_convertida}"</arg>
<doc>Evaluates the given expression in Python and returns the result.</doc>
<msg timestamp="20221116 09:41:07.035" level="INFO">${ha_aniversariante} = False</msg>
<status status="PASS" starttime="20221116 09:41:07.028" endtime="20221116 09:41:07.037"/>
</kw>
<if>
<branch type="IF" condition="${ha_aniversariante} == True">
<kw name="Append To List" library="Collections">
<arg>${lista_aniversariante}</arg>
<arg>${table}</arg>
<doc>Adds ``values`` to the end of ``list``.</doc>
<status status="NOT RUN" starttime="20221116 09:41:07.041" endtime="20221116 09:41:07.043"/>
</kw>
<kw name="Log To Console" library="BuiltIn">
<arg>${lista_aniversariante}</arg>
<doc>Logs the given message to the console.</doc>
<status status="NOT RUN" starttime="20221116 09:41:07.048" endtime="20221116 09:41:07.054"/>
</kw>
<status status="NOT RUN" starttime="20221116 09:41:07.040" endtime="20221116 09:41:07.056"/>
</branch>
<branch type="ELSE">
<kw name="Log To Console" library="BuiltIn">
<arg>False</arg>
<doc>Logs the given message to the console.</doc>
<status status="PASS" starttime="20221116 09:41:07.064" endtime="20221116 09:41:07.070"/>
</kw>
<status status="PASS" starttime="20221116 09:41:07.059" endtime="20221116 09:41:07.071"/>
</branch>
<status status="PASS" starttime="20221116 09:41:07.039" endtime="20221116 09:41:07.072"/>
</if>
<msg timestamp="20221116 09:41:07.074" level="INFO">${lista_aniversariante} = []</msg>
<status status="PASS" starttime="20221116 09:41:06.992" endtime="20221116 09:41:07.075"/>
</kw>
<status status="PASS" starttime="20221116 09:41:06.991" endtime="20221116 09:41:07.077"/>
</iter>
<iter>
<var name="${row_excel}">{'Nome Completo': 'Daniel Roberto Saches', 'Cargo': 'Project Manager', 'E-mail': 'dsaches@practia.global', 'Aniversário': datetime.datetime(1978, 6, 14, 0, 0), 'Usuario': 'Daniel Saches.jpeg', 'WhatsA...</var>
<kw name="Get aniversariante" library="TaksExcel">
<var>${lista_aniversariante}</var>
<arg>${data_sistema}</arg>
<arg>${row_excel}[Aniversário]</arg>
<arg>${row_excel}</arg>
<arg>${lista_aniversariante}</arg>
<kw name="Set Variable" library="BuiltIn">
<var>${data_aniversariante_convertida}</var>
<arg>${data_aniversariante.day}/${data_aniversariante.month}</arg>
<doc>Returns the given values which can then be assigned to a variables.</doc>
<msg timestamp="20221116 09:41:07.106" level="INFO">${data_aniversariante_convertida} = 14/6</msg>
<status status="PASS" starttime="20221116 09:41:07.089" endtime="20221116 09:41:07.107"/>
</kw>
<kw name="Evaluate" library="BuiltIn">
<var>${ha_aniversariante}</var>
<arg>"15/11" in "${data_aniversariante_convertida}"</arg>
<doc>Evaluates the given expression in Python and returns the result.</doc>
<msg timestamp="20221116 09:41:07.120" level="INFO">${ha_aniversariante} = False</msg>
<status status="PASS" starttime="20221116 09:41:07.112" endtime="20221116 09:41:07.121"/>
</kw>
<if>
<branch type="IF" condition="${ha_aniversariante} == True">
<kw name="Append To List" library="Collections">
<arg>${lista_aniversariante}</arg>
<arg>${table}</arg>
<doc>Adds ``values`` to the end of ``list``.</doc>
<status status="NOT RUN" starttime="20221116 09:41:07.133" endtime="20221116 09:41:07.136"/>
</kw>
<kw name="Log To Console" library="BuiltIn">
<arg>${lista_aniversariante}</arg>
<doc>Logs the given message to the console.</doc>
<status status="NOT RUN" starttime="20221116 09:41:07.139" endtime="20221116 09:41:07.140"/>
</kw>
<status status="NOT RUN" starttime="20221116 09:41:07.126" endtime="20221116 09:41:07.140"/>
</branch>
<branch type="ELSE">
<kw name="Log To Console" library="BuiltIn">
<arg>False</arg>
<doc>Logs the given message to the console.</doc>
<status status="PASS" starttime="20221116 09:41:07.144" endtime="20221116 09:41:07.147"/>
</kw>
<status status="PASS" starttime="20221116 09:41:07.141" endtime="20221116 09:41:07.150"/>
</branch>
<status status="PASS" starttime="20221116 09:41:07.125" endtime="20221116 09:41:07.154"/>
</if>
<msg timestamp="20221116 09:41:07.158" level="INFO">${lista_aniversariante} = []</msg>
<status status="PASS" starttime="20221116 09:41:07.080" endtime="20221116 09:41:07.159"/>
</kw>
<status status="PASS" starttime="20221116 09:41:07.079" endtime="20221116 09:41:07.161"/>
</iter>
<iter>
<var name="${row_excel}">{'Nome Completo': 'Dario Girjes Hanna', 'Cargo': 'Instrutor Power BI', 'E-mail': 'dgirjes@practia.global', 'Aniversário': datetime.datetime(1974, 5, 2, 0, 0), 'Usuario': 'Dario Hanna.jfif', 'WhatsApp'...</var>
<kw name="Get aniversariante" library="TaksExcel">
<var>${lista_aniversariante}</var>
<arg>${data_sistema}</arg>
<arg>${row_excel}[Aniversário]</arg>
<arg>${row_excel}</arg>
<arg>${lista_aniversariante}</arg>
<kw name="Set Variable" library="BuiltIn">
<var>${data_aniversariante_convertida}</var>
<arg>${data_aniversariante.day}/${data_aniversariante.month}</arg>
<doc>Returns the given values which can then be assigned to a variables.</doc>
<msg timestamp="20221116 09:41:07.208" level="INFO">${data_aniversariante_convertida} = 2/5</msg>
<status status="PASS" starttime="20221116 09:41:07.183" endtime="20221116 09:41:07.209"/>
</kw>
<kw name="Evaluate" library="BuiltIn">
<var>${ha_aniversariante}</var>
<arg>"15/11" in "${data_aniversariante_convertida}"</arg>
<doc>Evaluates the given expression in Python and returns the result.</doc>
<msg timestamp="20221116 09:41:07.222" level="INFO">${ha_aniversariante} = False</msg>
<status status="PASS" starttime="20221116 09:41:07.214" endtime="20221116 09:41:07.222"/>
</kw>
<if>
<branch type="IF" condition="${ha_aniversariante} == True">
<kw name="Append To List" library="Collections">
<arg>${lista_aniversariante}</arg>
<arg>${table}</arg>
<doc>Adds ``values`` to the end of ``list``.</doc>
<status status="NOT RUN" starttime="20221116 09:41:07.226" endtime="20221116 09:41:07.227"/>
</kw>
<kw name="Log To Console" library="BuiltIn">
<arg>${lista_aniversariante}</arg>
<doc>Logs the given message to the console.</doc>
<status status="NOT RUN" starttime="20221116 09:41:07.230" endtime="20221116 09:41:07.231"/>
</kw>
<status status="NOT RUN" starttime="20221116 09:41:07.224" endtime="20221116 09:41:07.232"/>
</branch>
<branch type="ELSE">
<kw name="Log To Console" library="BuiltIn">
<arg>False</arg>
<doc>Logs the given message to the console.</doc>
<status status="PASS" starttime="20221116 09:41:07.240" endtime="20221116 09:41:07.245"/>
</kw>
<status status="PASS" starttime="20221116 09:41:07.235" endtime="20221116 09:41:07.247"/>
</branch>
<status status="PASS" starttime="20221116 09:41:07.223" endtime="20221116 09:41:07.251"/>
</if>
<msg timestamp="20221116 09:41:07.254" level="INFO">${lista_aniversariante} = []</msg>
<status status="PASS" starttime="20221116 09:41:07.170" endtime="20221116 09:41:07.254"/>
</kw>
<status status="PASS" starttime="20221116 09:41:07.166" endtime="20221116 09:41:07.257"/>
</iter>
<iter>
<var name="${row_excel}">{'Nome Completo': 'Diogo Fernandes Mendes', 'Cargo': 'Desenvolvedor RPA', 'E-mail': 'dfmendes@practia.global', 'Aniversário': datetime.datetime(1987, 11, 21, 0, 0), 'Usuario': 'Diogo Fernandes Mendes....</var>
<kw name="Get aniversariante" library="TaksExcel">
<var>${lista_aniversariante}</var>
<arg>${data_sistema}</arg>
<arg>${row_excel}[Aniversário]</arg>
<arg>${row_excel}</arg>
<arg>${lista_aniversariante}</arg>
<kw name="Set Variable" library="BuiltIn">
<var>${data_aniversariante_convertida}</var>
<arg>${data_aniversariante.day}/${data_aniversariante.month}</arg>
<doc>Returns the given values which can then be assigned to a variables.</doc>
<msg timestamp="20221116 09:41:07.292" level="INFO">${data_aniversariante_convertida} = 21/11</msg>
<status status="PASS" starttime="20221116 09:41:07.271" endtime="20221116 09:41:07.293"/>
</kw>
<kw name="Evaluate" library="BuiltIn">
<var>${ha_aniversariante}</var>
<arg>"15/11" in "${data_aniversariante_convertida}"</arg>
<doc>Evaluates the given expression in Python and returns the result.</doc>
<msg timestamp="20221116 09:41:07.298" level="INFO">${ha_aniversariante} = False</msg>
<status status="PASS" starttime="20221116 09:41:07.296" endtime="20221116 09:41:07.299"/>
</kw>
<if>
<branch type="IF" condition="${ha_aniversariante} == True">
<kw name="Append To List" library="Collections">
<arg>${lista_aniversariante}</arg>
<arg>${table}</arg>
<doc>Adds ``values`` to the end of ``list``.</doc>
<status status="NOT RUN" starttime="20221116 09:41:07.311" endtime="20221116 09:41:07.312"/>
</kw>
<kw name="Log To Console" library="BuiltIn">
<arg>${lista_aniversariante}</arg>
<doc>Logs the given message to the console.</doc>
<status status="NOT RUN" starttime="20221116 09:41:07.314" endtime="20221116 09:41:07.316"/>
</kw>
<status status="NOT RUN" starttime="20221116 09:41:07.306" endtime="20221116 09:41:07.321"/>
</branch>
<branch type="ELSE">
<kw name="Log To Console" library="BuiltIn">
<arg>False</arg>
<doc>Logs the given message to the console.</doc>
<status status="PASS" starttime="20221116 09:41:07.330" endtime="20221116 09:41:07.337"/>
</kw>
<status status="PASS" starttime="20221116 09:41:07.324" endtime="20221116 09:41:07.340"/>
</branch>
<status status="PASS" starttime="20221116 09:41:07.304" endtime="20221116 09:41:07.343"/>
</if>
<msg timestamp="20221116 09:41:07.346" level="INFO">${lista_aniversariante} = []</msg>
<status status="PASS" starttime="20221116 09:41:07.262" endtime="20221116 09:41:07.346"/>
</kw>
<status status="PASS" starttime="20221116 09:41:07.260" endtime="20221116 09:41:07.347"/>
</iter>
<iter>
<var name="${row_excel}">{'Nome Completo': 'Diogo Shiya Carvalho Leonardo', 'Cargo': 'Project Manager', 'E-mail': 'dleonardo@practia.global', 'Aniversário': datetime.datetime(1983, 5, 22, 0, 0), 'Usuario': 'Diogo Leonardo.jpg...</var>
<kw name="Get aniversariante" library="TaksExcel">
<var>${lista_aniversariante}</var>
<arg>${data_sistema}</arg>
<arg>${row_excel}[Aniversário]</arg>
<arg>${row_excel}</arg>
<arg>${lista_aniversariante}</arg>
<kw name="Set Variable" library="BuiltIn">
<var>${data_aniversariante_convertida}</var>
<arg>${data_aniversariante.day}/${data_aniversariante.month}</arg>
<doc>Returns the given values which can then be assigned to a variables.</doc>
<msg timestamp="20221116 09:41:07.387" level="INFO">${data_aniversariante_convertida} = 22/5</msg>
<status status="PASS" starttime="20221116 09:41:07.366" endtime="20221116 09:41:07.388"/>
</kw>
<kw name="Evaluate" library="BuiltIn">
<var>${ha_aniversariante}</var>
<arg>"15/11" in "${data_aniversariante_convertida}"</arg>
<doc>Evaluates the given expression in Python and returns the result.</doc>
<msg timestamp="20221116 09:41:07.395" level="INFO">${ha_aniversariante} = False</msg>
<status status="PASS" starttime="20221116 09:41:07.392" endtime="20221116 09:41:07.395"/>
</kw>
<if>
<branch type="IF" condition="${ha_aniversariante} == True">
<kw name="Append To List" library="Collections">
<arg>${lista_aniversariante}</arg>
<arg>${table}</arg>
<doc>Adds ``values`` to the end of ``list``.</doc>
<status status="NOT RUN" starttime="20221116 09:41:07.404" endtime="20221116 09:41:07.406"/>
</kw>
<kw name="Log To Console" library="BuiltIn">
<arg>${lista_aniversariante}</arg>
<doc>Logs the given message to the console.</doc>
<status status="NOT RUN" starttime="20221116 09:41:07.408" endtime="20221116 09:41:07.408"/>
</kw>
<status status="NOT RUN" starttime="20221116 09:41:07.397" endtime="20221116 09:41:07.409"/>
</branch>
<branch type="ELSE">
<kw name="Log To Console" library="BuiltIn">
<arg>False</arg>
<doc>Logs the given message to the console.</doc>
<status status="PASS" starttime="20221116 09:41:07.412" endtime="20221116 09:41:07.417"/>
</kw>
<status status="PASS" starttime="20221116 09:41:07.410" endtime="20221116 09:41:07.420"/>
</branch>
<status status="PASS" starttime="20221116 09:41:07.396" endtime="20221116 09:41:07.422"/>
</if>
<msg timestamp="20221116 09:41:07.426" level="INFO">${lista_aniversariante} = []</msg>
<status status="PASS" starttime="20221116 09:41:07.353" endtime="20221116 09:41:07.426"/>
</kw>
<status status="PASS" starttime="20221116 09:41:07.349" endtime="20221116 09:41:07.428"/>
</iter>
<iter>
<var name="${row_excel}">{'Nome Completo': 'Elisabeth Rojas', 'Cargo': 'Desenvolvedor RPA', 'E-mail': 'elirojas@practia.global', 'Aniversário': datetime.datetime(1980, 4, 22, 0, 0), 'Usuario': 'Elisabeth Rojas.JPG', 'WhatsApp...</var>
<kw name="Get aniversariante" library="TaksExcel">
<var>${lista_aniversariante}</var>
<arg>${data_sistema}</arg>
<arg>${row_excel}[Aniversário]</arg>
<arg>${row_excel}</arg>
<arg>${lista_aniversariante}</arg>
<kw name="Set Variable" library="BuiltIn">
<var>${data_aniversariante_convertida}</var>
<arg>${data_aniversariante.day}/${data_aniversariante.month}</arg>
<doc>Returns the given values which can then be assigned to a variables.</doc>
<msg timestamp="20221116 09:41:07.467" level="INFO">${data_aniversariante_convertida} = 22/4</msg>
<status status="PASS" starttime="20221116 09:41:07.443" endtime="20221116 09:41:07.469"/>
</kw>
<kw name="Evaluate" library="BuiltIn">
<var>${ha_aniversariante}</var>
<arg>"15/11" in "${data_aniversariante_convertida}"</arg>
<doc>Evaluates the given expression in Python and returns the result.</doc>
<msg timestamp="20221116 09:41:07.474" level="INFO">${ha_aniversariante} = False</msg>
<status status="PASS" starttime="20221116 09:41:07.472" endtime="20221116 09:41:07.475"/>
</kw>
<if>
<branch type="IF" condition="${ha_aniversariante} == True">
<kw name="Append To List" library="Collections">
<arg>${lista_aniversariante}</arg>
<arg>${table}</arg>
<doc>Adds ``values`` to the end of ``list``.</doc>
<status status="NOT RUN" starttime="20221116 09:41:07.484" endtime="20221116 09:41:07.488"/>
</kw>
<kw name="Log To Console" library="BuiltIn">
<arg>${lista_aniversariante}</arg>
<doc>Logs the given message to the console.</doc>
<status status="NOT RUN" starttime="20221116 09:41:07.490" endtime="20221116 09:41:07.491"/>
</kw>
<status status="NOT RUN" starttime="20221116 09:41:07.479" endtime="20221116 09:41:07.492"/>
</branch>
<branch type="ELSE">
<kw name="Log To Console" library="BuiltIn">
<arg>False</arg>
<doc>Logs the given message to the console.</doc>
<status status="PASS" starttime="20221116 09:41:07.497" endtime="20221116 09:41:07.500"/>
</kw>
<status status="PASS" starttime="20221116 09:41:07.493" endtime="20221116 09:41:07.504"/>
</branch>
<status status="PASS" starttime="20221116 09:41:07.477" endtime="20221116 09:41:07.506"/>
</if>
<msg timestamp="20221116 09:41:07.511" level="INFO">${lista_aniversariante} = []</msg>
<status status="PASS" starttime="20221116 09:41:07.437" endtime="20221116 09:41:07.511"/>
</kw>
<status status="PASS" starttime="20221116 09:41:07.433" endtime="20221116 09:41:07.512"/>
</iter>
<iter>
<var name="${row_excel}">{'Nome Completo': 'Érico Leonardo Belloni Cogo', 'Cargo': 'Service Delivery Manager', 'E-mail': 'ecogo@practia.global', 'Aniversário': datetime.datetime(1975, 4, 25, 0, 0), 'Usuario': 'Érico Cogo.jpg'...</var>
<kw name="Get aniversariante" library="TaksExcel">
<var>${lista_aniversariante}</var>
<arg>${data_sistema}</arg>
<arg>${row_excel}[Aniversário]</arg>
<arg>${row_excel}</arg>
<arg>${lista_aniversariante}</arg>
<kw name="Set Variable" library="BuiltIn">
<var>${data_aniversariante_convertida}</var>
<arg>${data_aniversariante.day}/${data_aniversariante.month}</arg>
<doc>Returns the given values which can then be assigned to a variables.</doc>
<msg timestamp="20221116 09:41:07.556" level="INFO">${data_aniversariante_convertida} = 25/4</msg>
<status status="PASS" starttime="20221116 09:41:07.530" endtime="20221116 09:41:07.557"/>
</kw>
<kw name="Evaluate" library="BuiltIn">
<var>${ha_aniversariante}</var>
<arg>"15/11" in "${data_aniversariante_convertida}"</arg>
<doc>Evaluates the given expression in Python and returns the result.</doc>
<msg timestamp="20221116 09:41:07.571" level="INFO">${ha_aniversariante} = False</msg>
<status status="PASS" starttime="20221116 09:41:07.563" endtime="20221116 09:41:07.572"/>
</kw>
<if>
<branch type="IF" condition="${ha_aniversariante} == True">
<kw name="Append To List" library="Collections">
<arg>${lista_aniversariante}</arg>
<arg>${table}</arg>
<doc>Adds ``values`` to the end of ``list``.</doc>
<status status="NOT RUN" starttime="20221116 09:41:07.580" endtime="20221116 09:41:07.584"/>
</kw>
<kw name="Log To Console" library="BuiltIn">
<arg>${lista_aniversariante}</arg>
<doc>Logs the given message to the console.</doc>
<status status="NOT RUN" starttime="20221116 09:41:07.589" endtime="20221116 09:41:07.591"/>
</kw>
<status status="NOT RUN" starttime="20221116 09:41:07.576" endtime="20221116 09:41:07.593"/>
</branch>
<branch type="ELSE">
<kw name="Log To Console" library="BuiltIn">
<arg>False</arg>
<doc>Logs the given message to the console.</doc>
<status status="PASS" starttime="20221116 09:41:07.603" endtime="20221116 09:41:07.607"/>
</kw>
<status status="PASS" starttime="20221116 09:41:07.596" endtime="20221116 09:41:07.610"/>
</branch>
<status status="PASS" starttime="20221116 09:41:07.574" endtime="20221116 09:41:07.611"/>
</if>
<msg timestamp="20221116 09:41:07.613" level="INFO">${lista_aniversariante} = []</msg>
<status status="PASS" starttime="20221116 09:41:07.520" endtime="20221116 09:41:07.613"/>
</kw>
<status status="PASS" starttime="20221116 09:41:07.515" endtime="20221116 09:41:07.614"/>
</iter>
<iter>
<var name="${row_excel}">{'Nome Completo': 'Fabiano Menezes Ribeiro', 'Cargo': 'Project Manager', 'E-mail': 'fribeiro@practia.global', 'Aniversário': datetime.datetime(1978, 1, 16, 0, 0), 'Usuario': 'Fabiano Ribeiro.jpg', 'Wh...</var>
<kw name="Get aniversariante" library="TaksExcel">
<var>${lista_aniversariante}</var>
<arg>${data_sistema}</arg>
<arg>${row_excel}[Aniversário]</arg>
<arg>${row_excel}</arg>
<arg>${lista_aniversariante}</arg>
<kw name="Set Variable" library="BuiltIn">
<var>${data_aniversariante_convertida}</var>
<arg>${data_aniversariante.day}/${data_aniversariante.month}</arg>
<doc>Returns the given values which can then be assigned to a variables.</doc>
<msg timestamp="20221116 09:41:07.647" level="INFO">${data_aniversariante_convertida} = 16/1</msg>
<status status="PASS" starttime="20221116 09:41:07.629" endtime="20221116 09:41:07.647"/>
</kw>
<kw name="Evaluate" library="BuiltIn">
<var>${ha_aniversariante}</var>
<arg>"15/11" in "${data_aniversariante_convertida}"</arg>
<doc>Evaluates the given expression in Python and returns the result.</doc>
<msg timestamp="20221116 09:41:07.661" level="INFO">${ha_aniversariante} = False</msg>
<status status="PASS" starttime="20221116 09:41:07.656" endtime="20221116 09:41:07.662"/>
</kw>
<if>
<branch type="IF" condition="${ha_aniversariante} == True">
<kw name="Append To List" library="Collections">
<arg>${lista_aniversariante}</arg>
<arg>${table}</arg>
<doc>Adds ``values`` to the end of ``list``.</doc>
<status status="NOT RUN" starttime="20221116 09:41:07.672" endtime="20221116 09:41:07.674"/>
</kw>
<kw name="Log To Console" library="BuiltIn">
<arg>${lista_aniversariante}</arg>
<doc>Logs the given message to the console.</doc>
<status status="NOT RUN" starttime="20221116 09:41:07.680" endtime="20221116 09:41:07.684"/>
</kw>
<status status="NOT RUN" starttime="20221116 09:41:07.666" endtime="20221116 09:41:07.687"/>
</branch>
<branch type="ELSE">
<kw name="Log To Console" library="BuiltIn">
<arg>False</arg>
<doc>Logs the given message to the console.</doc>
<status status="PASS" starttime="20221116 09:41:07.693" endtime="20221116 09:41:07.696"/>
</kw>
<status status="PASS" starttime="20221116 09:41:07.689" endtime="20221116 09:41:07.698"/>
</branch>
<status status="PASS" starttime="20221116 09:41:07.664" endtime="20221116 09:41:07.702"/>
</if>
<msg timestamp="20221116 09:41:07.707" level="INFO">${lista_aniversariante} = []</msg>
<status status="PASS" starttime="20221116 09:41:07.621" endtime="20221116 09:41:07.708"/>
</kw>
<status status="PASS" starttime="20221116 09:41:07.618" endtime="20221116 09:41:07.711"/>
</iter>
<iter>
<var name="${row_excel}">{'Nome Completo': 'Fabio Affonso Anielo', 'Cargo': 'Scrum Master', 'E-mail': 'fanielo@practia.global', 'Aniversário': datetime.datetime(1978, 6, 10, 0, 0), 'Usuario': 'Fabio Anielo.jpg', 'WhatsApp': '...</var>
<kw name="Get aniversariante" library="TaksExcel">
<var>${lista_aniversariante}</var>
<arg>${data_sistema}</arg>
<arg>${row_excel}[Aniversário]</arg>
<arg>${row_excel}</arg>
<arg>${lista_aniversariante}</arg>
<kw name="Set Variable" library="BuiltIn">
<var>${data_aniversariante_convertida}</var>
<arg>${data_aniversariante.day}/${data_aniversariante.month}</arg>
<doc>Returns the given values which can then be assigned to a variables.</doc>
<msg timestamp="20221116 09:41:07.752" level="INFO">${data_aniversariante_convertida} = 10/6</msg>
<status status="PASS" starttime="20221116 09:41:07.736" endtime="20221116 09:41:07.753"/>
</kw>
<kw name="Evaluate" library="BuiltIn">
<var>${ha_aniversariante}</var>
<arg>"15/11" in "${data_aniversariante_convertida}"</arg>
<doc>Evaluates the given expression in Python and returns the result.</doc>
<msg timestamp="20221116 09:41:07.763" level="INFO">${ha_aniversariante} = False</msg>
<status status="PASS" starttime="20221116 09:41:07.758" endtime="20221116 09:41:07.764"/>
</kw>
<if>
<branch type="IF" condition="${ha_aniversariante} == True">
<kw name="Append To List" library="Collections">
<arg>${lista_aniversariante}</arg>
<arg>${table}</arg>
<doc>Adds ``values`` to the end of ``list``.</doc>
<status status="NOT RUN" starttime="20221116 09:41:07.777" endtime="20221116 09:41:07.780"/>
</kw>
<kw name="Log To Console" library="BuiltIn">
<arg>${lista_aniversariante}</arg>
<doc>Logs the given message to the console.</doc>
<status status="NOT RUN" starttime="20221116 09:41:07.787" endtime="20221116 09:41:07.788"/>
</kw>
<status status="NOT RUN" starttime="20221116 09:41:07.770" endtime="20221116 09:41:07.789"/>
</branch>
<branch type="ELSE">
<kw name="Log To Console" library="BuiltIn">
<arg>False</arg>
<doc>Logs the given message to the console.</doc>
<status status="PASS" starttime="20221116 09:41:07.793" endtime="20221116 09:41:07.796"/>
</kw>
<status status="PASS" starttime="20221116 09:41:07.790" endtime="20221116 09:41:07.798"/>
</branch>
<status status="PASS" starttime="20221116 09:41:07.768" endtime="20221116 09:41:07.802"/>
</if>
<msg timestamp="20221116 09:41:07.808" level="INFO">${lista_aniversariante} = []</msg>
<status status="PASS" starttime="20221116 09:41:07.722" endtime="20221116 09:41:07.808"/>
</kw>
<status status="PASS" starttime="20221116 09:41:07.715" endtime="20221116 09:41:07.811"/>
</iter>
<iter>
<var name="${row_excel}">{'Nome Completo': 'Felix Alexandre Silva Munoz', 'Cargo': 'Project Manager', 'E-mail': 'fmunoz@practia.global', 'Aniversário': datetime.datetime(1967, 5, 18, 0, 0), 'Usuario': 'Felix Munoz.jpg', 'What...</var>
<kw name="Get aniversariante" library="TaksExcel">
<var>${lista_aniversariante}</var>
<arg>${data_sistema}</arg>
<arg>${row_excel}[Aniversário]</arg>
<arg>${row_excel}</arg>
<arg>${lista_aniversariante}</arg>
<kw name="Set Variable" library="BuiltIn">
<var>${data_aniversariante_convertida}</var>
<arg>${data_aniversariante.day}/${data_aniversariante.month}</arg>
<doc>Returns the given values which can then be assigned to a variables.</doc>
<msg timestamp="20221116 09:41:07.850" level="INFO">${data_aniversariante_convertida} = 18/5</msg>
<status status="PASS" starttime="20221116 09:41:07.835" endtime="20221116 09:41:07.851"/>
</kw>
<kw name="Evaluate" library="BuiltIn">
<var>${ha_aniversariante}</var>
<arg>"15/11" in "${data_aniversariante_convertida}"</arg>
<doc>Evaluates the given expression in Python and returns the result.</doc>
[...]
<status status="NOT RUN" starttime="20221116 09:42:00.617" endtime="20221116 09:42:00.619"/>
</kw>
<status status="NOT RUN" starttime="20221116 09:42:00.611" endtime="20221116 09:42:00.622"/>
</branch>
<branch type="ELSE">
<kw name="Log To Console" library="BuiltIn">
<arg>O número máximo de tentativas foi atingido, o processamento não foi concluído.</arg>
<doc>Logs the given message to the console.</doc>
<status status="NOT RUN" starttime="20221116 09:42:00.632" endtime="20221116 09:42:00.634"/>
</kw>
<kw name="Set Variable" library="BuiltIn">
<var>${Mensagem}</var>
<arg>The maximum number of retries has been reached, processing has not completed</arg>
<doc>Returns the given values which can then be assigned to a variables.</doc>
<status status="NOT RUN" starttime="20221116 09:42:00.642" endtime="20221116 09:42:00.644"/>
</kw>
<status status="NOT RUN" starttime="20221116 09:42:00.628" endtime="20221116 09:42:00.648"/>
</branch>
<status status="NOT RUN" starttime="20221116 09:42:00.610" endtime="20221116 09:42:00.650"/>
</if>
<kw name="Get value from JSON" library="RPA.JSON">
<var>${NameBot}</var>
<arg>${Config}</arg>
<arg>$.Config[0].NameBot</arg>
<doc>Get a single value from a JSON serializable object that matches the given expression.</doc>
<status status="NOT RUN" starttime="20221116 09:42:00.653" endtime="20221116 09:42:00.656"/>
</kw>
<kw name="Set Variable" library="BuiltIn">
<var>${mail_subject}</var>
<arg>Process error bot</arg>
<doc>Returns the given values which can then be assigned to a variables.</doc>
<status status="NOT RUN" starttime="20221116 09:42:00.663" endtime="20221116 09:42:00.664"/>
</kw>
<kw name="Set Variable" library="BuiltIn">
<var>${mail_subject}</var>
<arg>${mail_subject} ${NameBot}</arg>
<doc>Returns the given values which can then be assigned to a variables.</doc>
<status status="NOT RUN" starttime="20221116 09:42:00.666" endtime="20221116 09:42:00.667"/>
</kw>
<kw name="Log To Console" library="BuiltIn">
<arg>${mail_subject}</arg>
<doc>Logs the given message to the console.</doc>
<status status="NOT RUN" starttime="20221116 09:42:00.669" endtime="20221116 09:42:00.670"/>
</kw>
<status status="NOT RUN" starttime="20221116 09:42:00.605" endtime="20221116 09:42:00.671"/>
</branch>
<branch type="ELSE">
<kw name="Log To Console" library="BuiltIn">
<arg>Process finished</arg>
<doc>Logs the given message to the console.</doc>
<status status="PASS" starttime="20221116 09:42:00.680" endtime="20221116 09:42:00.685"/>
</kw>
<kw name="Get value from JSON" library="RPA.JSON">
<var>${NameBot}</var>
<arg>${Config}</arg>
<arg>$.Config[0].NameBot</arg>
<doc>Get a single value from a JSON serializable object that matches the given expression.</doc>
<msg timestamp="20221116 09:42:00.696" level="INFO">Get value from JSON with expression: "$.Config[0].NameBot"</msg>
<msg timestamp="20221116 09:42:00.870" level="INFO">${NameBot} = Felicitações</msg>
<status status="PASS" starttime="20221116 09:42:00.688" endtime="20221116 09:42:00.871"/>
</kw>
<kw name="Set Variable" library="BuiltIn">
<var>${mail_subject}</var>
<arg>Process completed bot</arg>
<doc>Returns the given values which can then be assigned to a variables.</doc>
<msg timestamp="20221116 09:42:00.878" level="INFO">${mail_subject} = Process completed bot</msg>
<status status="PASS" starttime="20221116 09:42:00.873" endtime="20221116 09:42:00.879"/>
</kw>
<kw name="Set Variable" library="BuiltIn">
<var>${mail_subject}</var>
<arg>${mail_subject} ${NameBot}</arg>
<doc>Returns the given values which can then be assigned to a variables.</doc>
<msg timestamp="20221116 09:42:00.883" level="INFO">${mail_subject} = Process completed bot Felicitações</msg>
<status status="PASS" starttime="20221116 09:42:00.880" endtime="20221116 09:42:00.884"/>
</kw>
<kw name="Log To Console" library="BuiltIn">
<arg>${mail_subject}</arg>
<doc>Logs the given message to the console.</doc>
<status status="PASS" starttime="20221116 09:42:00.886" endtime="20221116 09:42:00.889"/>
</kw>
<status status="PASS" starttime="20221116 09:42:00.673" endtime="20221116 09:42:00.893"/>
</branch>
<status status="PASS" starttime="20221116 09:42:00.603" endtime="20221116 09:42:00.897"/>
</if>
<status status="PASS" starttime="20221116 09:42:00.601" endtime="20221116 09:42:00.899"/>
</branch>
<branch type="EXCEPT">
<kw name="Log To Console" library="BuiltIn">
<arg>Error na task End Process</arg>
<doc>Logs the given message to the console.</doc>
<status status="NOT RUN" starttime="20221116 09:42:00.904" endtime="20221116 09:42:00.905"/>
</kw>
<kw name="Set Variable" library="BuiltIn">
<var>${mail_subject}</var>
<arg>Error na task End Process</arg>
<doc>Returns the given values which can then be assigned to a variables.</doc>
<status status="NOT RUN" starttime="20221116 09:42:00.910" endtime="20221116 09:42:00.911"/>
</kw>
<kw name="Set Variable" library="BuiltIn">
<var>${mail_subject}</var>
<arg>${mail_subject} ${NameBot}</arg>
<doc>Returns the given values which can then be assigned to a variables.</doc>
<status status="NOT RUN" starttime="20221116 09:42:00.920" endtime="20221116 09:42:00.922"/>
</kw>
<kw name="Set Variable" library="BuiltIn">
<var>${Mensagem}</var>
<arg>Error na task End Process</arg>
<doc>Returns the given values which can then be assigned to a variables.</doc>
<status status="NOT RUN" starttime="20221116 09:42:00.929" endtime="20221116 09:42:00.931"/>
</kw>
<status status="NOT RUN" starttime="20221116 09:42:00.901" endtime="20221116 09:42:00.934"/>
</branch>
<status status="PASS" starttime="20221116 09:42:00.598" endtime="20221116 09:42:00.938"/>
</try>
<msg timestamp="20221116 09:42:00.946" level="INFO">${mail_subject} = Process completed bot Felicitações</msg>
<msg timestamp="20221116 09:42:00.947" level="INFO">${Mensagem} = Process finished</msg>
<status status="PASS" starttime="20221116 09:42:00.588" endtime="20221116 09:42:00.948"/>
</kw>
<kw name="Send Email">
<var>${mail_subject}</var>
<var>${Mensagem}</var>
<var>${MensagemEmailBody}</var>
<arg>${Config}</arg>
<arg>${Mensagem}</arg>
<arg>${passwordCredential}</arg>
<arg>${mail_subject}</arg>
<arg>${MensagemEmailBody}</arg>
<try>
<branch type="TRY">
<kw name="Get value from JSON" library="RPA.JSON">
<var>${username}</var>
<arg>${Config}</arg>
<arg>$.Config[0].EmailFrom</arg>
<doc>Get a single value from a JSON serializable object that matches the given expression.</doc>
<msg timestamp="20221116 09:42:00.985" level="INFO">Get value from JSON with expression: "$.Config[0].EmailFrom"</msg>
<msg timestamp="20221116 09:42:01.144" level="INFO">${username} = jaires@practia.global</msg>
<status status="PASS" starttime="20221116 09:42:00.978" endtime="20221116 09:42:01.146"/>
</kw>
<kw name="Set Variable" library="BuiltIn">
<var>${password}</var>
<arg>${passwordCredential}</arg>
<doc>Returns the given values which can then be assigned to a variables.</doc>
<msg timestamp="20221116 09:42:01.156" level="INFO">${password} = </msg>
<status status="PASS" starttime="20221116 09:42:01.151" endtime="20221116 09:42:01.158"/>
</kw>
<kw name="Get value from JSON" library="RPA.JSON">
<var>${mail_to}</var>
<arg>${Config}</arg>
<arg>$.Config[0].EmailTo</arg>
<doc>Get a single value from a JSON serializable object that matches the given expression.</doc>
<msg timestamp="20221116 09:42:01.169" level="INFO">Get value from JSON with expression: "$.Config[0].EmailTo"</msg>
<msg timestamp="20221116 09:42:01.322" level="INFO">${mail_to} = jaires@practia.global</msg>
<status status="PASS" starttime="20221116 09:42:01.164" endtime="20221116 09:42:01.323"/>
</kw>
<kw name="Get value from JSON" library="RPA.JSON">
<var>${mail_from}</var>
<arg>${Config}</arg>
<arg>$.Config[0].EmailFrom</arg>
<doc>Get a single value from a JSON serializable object that matches the given expression.</doc>
<msg timestamp="20221116 09:42:01.329" level="INFO">Get value from JSON with expression: "$.Config[0].EmailFrom"</msg>
<msg timestamp="20221116 09:42:01.492" level="INFO">${mail_from} = jaires@practia.global</msg>
<status status="PASS" starttime="20221116 09:42:01.327" endtime="20221116 09:42:01.492"/>
</kw>
<kw name="Get value from JSON" library="RPA.JSON">
<var>${EmailUse}</var>
<arg>${Config}</arg>
<arg>$.Config[0].EmailUse</arg>
<doc>Get a single value from a JSON serializable object that matches the given expression.</doc>
<msg timestamp="20221116 09:42:01.499" level="INFO">Get value from JSON with expression: "$.Config[0].EmailUse"</msg>
<msg timestamp="20221116 09:42:01.664" level="INFO">${EmailUse} = True</msg>
<status status="PASS" starttime="20221116 09:42:01.494" endtime="20221116 09:42:01.665"/>
</kw>
<kw name="Get value from JSON" library="RPA.JSON">
<var>${EmailPort}</var>
<arg>${Config}</arg>
<arg>$.Config[0].EmailPort</arg>
<doc>Get a single value from a JSON serializable object that matches the given expression.</doc>
<msg timestamp="20221116 09:42:01.671" level="INFO">Get value from JSON with expression: "$.Config[0].EmailPort"</msg>
<msg timestamp="20221116 09:42:01.912" level="INFO">${EmailPort} = 587</msg>
<status status="PASS" starttime="20221116 09:42:01.669" endtime="20221116 09:42:01.913"/>
</kw>
<kw name="Get value from JSON" library="RPA.JSON">
<var>${EmailServer}</var>
<arg>${Config}</arg>
<arg>$.Config[0].EmailServer</arg>
<doc>Get a single value from a JSON serializable object that matches the given expression.</doc>
<msg timestamp="20221116 09:42:01.924" level="INFO">Get value from JSON with expression: "$.Config[0].EmailServer"</msg>
<msg timestamp="20221116 09:42:02.093" level="INFO">${EmailServer} = smtp.office365.com</msg>
<status status="PASS" starttime="20221116 09:42:01.918" endtime="20221116 09:42:02.094"/>
</kw>
<kw name="Get value from JSON" library="RPA.JSON">
<var>${EmailOffice365}</var>
<arg>${Config}</arg>
<arg>$.Config[0].EmailOffice365</arg>
<doc>Get a single value from a JSON serializable object that matches the given expression.</doc>
<msg timestamp="20221116 09:42:02.101" level="INFO">Get value from JSON with expression: "$.Config[0].EmailOffice365"</msg>
<msg timestamp="20221116 09:42:02.326" level="INFO">${EmailOffice365} = False</msg>
<status status="PASS" starttime="20221116 09:42:02.099" endtime="20221116 09:42:02.327"/>
</kw>
<if>
<branch type="IF" condition="${EmailUse}">
<if>
<branch type="IF" condition="${EmailOffice365}">
<kw name="Email 365" library="EmailOffice365">
<var>${returnEmail}</var>
<arg>${username}</arg>
<arg>${password}</arg>
<arg>${mail_from}</arg>
<arg>${mail_to}</arg>
<arg>${mail_subject}</arg>
<arg>${Mensagem}</arg>
<arg>${EmailServer}</arg>
<arg>${EmailPort}</arg>
<arg>${MsgEmailBodyProcess}</arg>
<status status="NOT RUN" starttime="20221116 09:42:02.342" endtime="20221116 09:42:02.345"/>
</kw>
<kw name="Log To Console" library="BuiltIn">
<arg>${returnEmail}</arg>
<doc>Logs the given message to the console.</doc>
<status status="NOT RUN" starttime="20221116 09:42:02.352" endtime="20221116 09:42:02.354"/>
</kw>
<status status="NOT RUN" starttime="20221116 09:42:02.335" endtime="20221116 09:42:02.358"/>
</branch>
<branch type="ELSE">
<kw name="Email Outlook" library="EmailOutlook">
<var>${returnEmail}</var>
<arg>${mail_to}</arg>
<arg>${mail_subject}</arg>
<arg>${Mensagem}</arg>
<arg>${MsgEmailBodyProcess}</arg>
<msg timestamp="20221116 09:42:04.417" level="INFO">${returnEmail} = Enviado com sucesso</msg>
<status status="PASS" starttime="20221116 09:42:02.367" endtime="20221116 09:42:04.418"/>
</kw>
<kw name="Log To Console" library="BuiltIn">
<arg>${returnEmail}</arg>
<doc>Logs the given message to the console.</doc>
<status status="PASS" starttime="20221116 09:42:04.427" endtime="20221116 09:42:04.430"/>
</kw>
<status status="PASS" starttime="20221116 09:42:02.361" endtime="20221116 09:42:04.437"/>
</branch>
<status status="PASS" starttime="20221116 09:42:02.333" endtime="20221116 09:42:04.440"/>
</if>
<status status="PASS" starttime="20221116 09:42:02.332" endtime="20221116 09:42:04.440"/>
</branch>
<status status="PASS" starttime="20221116 09:42:02.330" endtime="20221116 09:42:04.446"/>
</if>
<kw name="Evaluate" library="BuiltIn">
<var>${ConditionReturnEmail}</var>
<arg>"Erro" in """${returnEmail}"""</arg>
<doc>Evaluates the given expression in Python and returns the result.</doc>
<msg timestamp="20221116 09:42:04.471" level="INFO">${ConditionReturnEmail} = False</msg>
<status status="PASS" starttime="20221116 09:42:04.461" endtime="20221116 09:42:04.471"/>
</kw>
<if>
<branch type="IF" condition="${ConditionReturnEmail}">
<kw name="Log To Console" library="BuiltIn">
<arg>${returnEmail}</arg>
<doc>Logs the given message to the console.</doc>
<status status="NOT RUN" starttime="20221116 09:42:04.491" endtime="20221116 09:42:04.494"/>
</kw>
<status status="NOT RUN" starttime="20221116 09:42:04.482" endtime="20221116 09:42:04.497"/>
</branch>
<status status="PASS" starttime="20221116 09:42:04.479" endtime="20221116 09:42:04.500"/>
</if>
<kw name="Evaluate" library="BuiltIn">
<var>${ConditionProcess}</var>
<arg>"error" in """${mail_subject}"""</arg>
<doc>Evaluates the given expression in Python and returns the result.</doc>
<msg timestamp="20221116 09:42:04.532" level="INFO">${ConditionProcess} = False</msg>
<status status="PASS" starttime="20221116 09:42:04.526" endtime="20221116 09:42:04.533"/>
</kw>
<kw name="Log To Console" library="BuiltIn">
<arg>${ConditionProcess}</arg>
<doc>Logs the given message to the console.</doc>
<status status="PASS" starttime="20221116 09:42:04.542" endtime="20221116 09:42:04.548"/>
</kw>
<if>
<branch type="IF" condition="${ConditionProcess}">
<kw name="Fail" library="BuiltIn">
<doc>Fails the test with the given message and optionally alters its tags.</doc>
<status status="NOT RUN" starttime="20221116 09:42:04.584" endtime="20221116 09:42:04.589"/>
</kw>
<status status="NOT RUN" starttime="20221116 09:42:04.556" endtime="20221116 09:42:04.595"/>
</branch>
<status status="PASS" starttime="20221116 09:42:04.552" endtime="20221116 09:42:04.600"/>
</if>
<kw name="Log To Console" library="BuiltIn">
<arg>Completion of the process</arg>
<doc>Logs the given message to the console.</doc>
<status status="PASS" starttime="20221116 09:42:04.611" endtime="20221116 09:42:04.612"/>
</kw>
<status status="PASS" starttime="20221116 09:42:00.968" endtime="20221116 09:42:04.619"/>
</branch>
<branch type="EXCEPT">
<kw name="Log To Console" library="BuiltIn">
<arg>Error Process</arg>
<doc>Logs the given message to the console.</doc>
<status status="NOT RUN" starttime="20221116 09:42:04.644" endtime="20221116 09:42:04.647"/>
</kw>
<kw name="Fail" library="BuiltIn">
<doc>Fails the test with the given message and optionally alters its tags.</doc>
<status status="NOT RUN" starttime="20221116 09:42:04.660" endtime="20221116 09:42:04.663"/>
</kw>
<status status="NOT RUN" starttime="20221116 09:42:04.634" endtime="20221116 09:42:04.663"/>
</branch>
<status status="PASS" starttime="20221116 09:42:00.967" endtime="20221116 09:42:04.672"/>
</try>
<msg timestamp="20221116 09:42:04.672" level="INFO">${mail_subject} = None</msg>
<msg timestamp="20221116 09:42:04.672" level="INFO">${Mensagem} = None</msg>
<msg timestamp="20221116 09:42:04.672" level="INFO">${MensagemEmailBody} = None</msg>
<status status="PASS" starttime="20221116 09:42:00.951" endtime="20221116 09:42:04.686"/>
</kw>
<kw name="Sleep" library="BuiltIn">
<arg>2.0</arg>
<doc>Pauses the test executed for the given time.</doc>
<msg timestamp="20221116 09:42:06.702" level="INFO">Slept 2 seconds</msg>
<status status="PASS" starttime="20221116 09:42:04.693" endtime="20221116 09:42:06.704"/>
</kw>
<kw name="Tempo execucao">
<var>${fim}</var>
<kw name="Get Current Date" library="DateTime">
<var>${data_sistema}</var>
<arg>time_zone=UTC</arg>
<arg>result_format=datetime</arg>
<arg>exclude_millis=True</arg>
<doc>Returns current local or UTC time with an optional increment.</doc>
<msg timestamp="20221116 09:42:06.720" level="INFO">${data_sistema} = 2022-11-16 12:42:07</msg>
<status status="PASS" starttime="20221116 09:42:06.714" endtime="20221116 09:42:06.722"/>
</kw>
<msg timestamp="20221116 09:42:06.727" level="INFO">${fim} = 2022-11-16 12:42:07</msg>
<status status="PASS" starttime="20221116 09:42:06.707" endtime="20221116 09:42:06.728"/>
</kw>
<kw name="Subtract Date From Date" library="DateTime">
<var>${tempo_execucao}</var>
<arg>${fim}</arg>
<arg>${inicio}</arg>
<doc>Subtracts date from another date and returns time between.</doc>
<msg timestamp="20221116 09:42:06.740" level="INFO">${tempo_execucao} = 65.0</msg>
<status status="PASS" starttime="20221116 09:42:06.732" endtime="20221116 09:42:06.741"/>
</kw>
<kw name="Log To Console" library="BuiltIn">
<arg>data execução: ${data_execucao}</arg>
<doc>Logs the given message to the console.</doc>
<status status="PASS" starttime="20221116 09:42:06.745" endtime="20221116 09:42:06.749"/>
</kw>
<kw name="Log To Console" library="BuiltIn">
<arg>data fim: ${fim}</arg>
<doc>Logs the given message to the console.</doc>
<status status="PASS" starttime="20221116 09:42:06.754" endtime="20221116 09:42:06.759"/>
</kw>
<kw name="Set Variable" library="BuiltIn">
<var>${status}</var>
<arg>concluído</arg>
<doc>Returns the given values which can then be assigned to a variables.</doc>
<msg timestamp="20221116 09:42:06.772" level="INFO">${status} = concluído</msg>
<status status="PASS" starttime="20221116 09:42:06.764" endtime="20221116 09:42:06.772"/>
</kw>
<kw name="Atualizar Banco De Dados" library="conexao">
<arg>${Counter}</arg>
<arg>${transactionItem}</arg>
<arg>${status}</arg>
<arg>${data_execucao}</arg>
<arg>${tempo_execucao}</arg>
<msg timestamp="20221116 09:42:06.800" level="INFO">executando
Conexao com sucesso
concluído
[(69,), (78,), (79,), (80,), (81,), (82,), (83,), (84,), (85,), (86,), (87,), (88,)]
Comando com sucesso
Conexao fechada com sucesso</msg>
<status status="PASS" starttime="20221116 09:42:06.778" endtime="20221116 09:42:06.802"/>
</kw>
<kw name="Log To Console" library="BuiltIn">
<arg>${tempo_execucao}</arg>
<doc>Logs the given message to the console.</doc>
<status status="PASS" starttime="20221116 09:42:06.807" endtime="20221116 09:42:06.812"/>
</kw>
<status status="PASS" starttime="20221116 09:42:00.584" endtime="20221116 09:42:06.814"/>
</branch>
<status status="PASS" starttime="20221116 09:41:01.623" endtime="20221116 09:42:06.820"/>
</try>
<status status="PASS" starttime="20221116 09:41:01.613" endtime="20221116 09:42:06.828"/>
</test>
<doc>Main module process</doc>
<status status="PASS" starttime="20221116 09:40:46.661" endtime="20221116 09:42:06.848"/>
</suite>
<statistics>
<total>
<stat pass="1" fail="0" skip="0">All Tasks</stat>
</total>
<tag>
</tag>
<suite>
<stat pass="1" fail="0" skip="0" id="s1" name="Main">Main</stat>
</suite>
</statistics>
<errors>
<msg timestamp="20221116 09:40:57.459" level="WARN">c:\ProgramData\robocorp\ht\281e05d_b1f3c24_791b5f1e\lib\site-packages\RPA\Desktop\Windows.py:210: FutureWarning: `RPA.Desktop.Windows` got deprecated and will be no longer maintained, please use `RPA.Windows` instead (https://robocorp.com/docs/libraries/rpa-framework/rpa-windows)
  "`RPA.Desktop.Windows` got deprecated and will be no longer maintained, "
</msg>
<msg timestamp="20221116 09:41:00.622" level="WARN">This is a deprecated import that will be removed in favor of RPA.Browser.Selenium</msg>
<msg timestamp="20221116 09:41:13.026" level="WARN">Keyword 'Create File' found both from a custom test library 'RPA.FileSystem' and a standard library 'OperatingSystem'. The custom keyword is used. To select explicitly, and to get rid of this warning, use either 'RPA.FileSystem.Create File' or 'OperatingSystem.Create File'.</msg>
<msg timestamp="20221116 09:41:25.055" level="WARN">Failed to parse locator "campo_pesquisa": Duplicate sanitized name: campo_pesquisa / campo_pesquisa</msg>
<msg timestamp="20221116 09:41:59.378" level="WARN">Failed to parse locator "campo_pesquisa": Duplicate sanitized name: campo_pesquisa / campo_pesquisa</msg>
</errors>
</robot>
